Rufus x64 v4.7.2231 (Portable)
Windows version: Windows 10 Pro x64 (Build 19045.4529)
Syslinux versions: 4.07/2013-07-25, 6.04/pre1
Grub versions: 0.4.6a, 2.12
System locale ID: 0x0419 (ru-RU)
Will use default UI locale 0x0419
SetLGP: Successfully set NoDriveTypeAutorun policy to 0x0000009E
Localization set to 'ru-RU'
0 devices found
Found 5 additional UEFI revocation filters from remote SBAT
Found USB 2.0 device ' USB  SanDisk 3.2Gen1 USB Device' (0781:5597)
NOTE: This device is a USB 3.0 device operating at lower speed...
1 device found
Disk type: Removable, Disk size: 32 ГБ, Sector size: 512 bytes
Cylinders: 3742, Tracks per cylinder: 255, Sectors per track: 63
Partition type: MBR, NB Partitions: 1
Disk ID: 0x00000000
Drive has a Zeroed Master Boot Record
Partition 1:
  Type: FAT32 LBA (0x0c)
  Detected File System: FAT32
  Size: 28.7 GB (30784077824 bytes)
  Start Sector: 32, Boot: No
Found USB 2.0 device ' USB  SanDisk 3.2Gen1 USB Device' (0781:5597)
NOTE: This device is a USB 3.0 device operating at lower speed...
1 device found
Disk type: Removable, Disk size: 32 ГБ, Sector size: 512 bytes
Cylinders: 3742, Tracks per cylinder: 255, Sectors per track: 63
Partition type: MBR, NB Partitions: 1
Disk ID: 0x00000000
Drive has a Zeroed Master Boot Record
Partition 1:
  Type: FAT32 LBA (0x0c)
  Detected File System: FAT32
  Size: 28.7 GB (30784077824 bytes)
  Start Sector: 32, Boot: No
Checking for UEFI DBX updates...
Checking for Rufus updates...
Checking release channel...
No new release version found.
Found USB 2.0 device ' USB  SanDisk 3.2Gen1 USB Device' (0781:5597)
NOTE: This device is a USB 3.0 device operating at lower speed...
Could not open GUID volume '\\?\Volume{524b84b8-1429-11f0-9865-9009df6a3ca3}': [0x00000005] Отказано в доступе.
No logical drive found (unpartitioned?)
1 device found
Could not open GUID volume '\\?\Volume{524b84b8-1429-11f0-9865-9009df6a3ca3}': [0x00000005] Отказано в доступе.
No volume information for drive 0x81
Disk type: Removable, Disk size: 32 ГБ, Sector size: 512 bytes
Cylinders: 3742, Tracks per cylinder: 255, Sectors per track: 63
Partition type: MBR, NB Partitions: 1
Disk ID: 0xE9179E68
Drive has a Windows 7 Master Boot Record
Partition 1:
  Type: FAT16 (0x06)
  Detected File System: (Unrecognized)
  Size: 28.7 GB (30783045632 bytes)
  Start Sector: 2048, Boot: Yes
Found USB 2.0 device ' USB  SanDisk 3.2Gen1 USB Device' (0781:5597)
NOTE: This device is a USB 3.0 device operating at lower speed...
1 device found
Disk type: Removable, Disk size: 32 ГБ, Sector size: 512 bytes
Cylinders: 3742, Tracks per cylinder: 255, Sectors per track: 63
Partition type: MBR, NB Partitions: 1
Disk ID: 0xE9179E68
Drive has a Windows 7 Master Boot Record
Partition 1:
  Type: FAT32 LBA (0x0c)
  Detected File System: FAT32
  Size: 28.7 GB (30783045632 bytes)
  Start Sector: 2048, Boot: Yes
Found USB 2.0 device ' USB  SanDisk 3.2Gen1 USB Device' (0781:5597)
NOTE: This device is a USB 3.0 device operating at lower speed...
1 device found
Disk type: Removable, Disk size: 32 ГБ, Sector size: 512 bytes
Cylinders: 3742, Tracks per cylinder: 255, Sectors per track: 63
Partition type: MBR, NB Partitions: 1
Disk ID: 0xE9179E68
Drive has a Windows 7 Master Boot Record
Partition 1:
  Type: FAT32 LBA (0x0c)
  Detected File System: FAT32
  Size: 28.7 GB (30783045632 bytes)
  Start Sector: 2048, Boot: Yes
Found USB 2.0 device ' USB  SanDisk 3.2Gen1 USB Device' (0781:5597)
NOTE: This device is a USB 3.0 device operating at lower speed...
1 device found
Disk type: Removable, Disk size: 32 ГБ, Sector size: 512 bytes
Cylinders: 3742, Tracks per cylinder: 255, Sectors per track: 63
Partition type: MBR, NB Partitions: 1
Disk ID: 0xE9179E68
Drive has a Windows 7 Master Boot Record
Partition 1:
  Type: FAT32 LBA (0x0c)
  Detected File System: FAT32
  Size: 28.7 GB (30783045632 bytes)
  Start Sector: 2048, Boot: Yes
Scanning image...
ISO analysis:
  Image is an ISO9660 image
  Reported Grub version: 2.12
Disk image analysis:
  Image has an unknown Master Boot Record
  Image is a bootable disk image
ISO label: 'Ubuntu 24.04.2 LTS amd64'
  Size: 5.9 ГБ (Projected)
  Has a >64 chars filename
  Uses: GRUB2 (2.12)
  Uses: EFI
  Note: This ISO uses symbolic links, which may not be replicated due to file system
  limitations. Because of this, some features from this image may not work...
Using image: ubuntu-24.04.2-desktop-amd64.iso (5.9 ГБ)

Format operation started
Requesting disk access...
Will use 'E:' as volume mountpoint
Opened \\.\PhysicalDrive1 for exclusive write access
Analyzing existing boot records...
Drive has a Windows 7 Master Boot Record
Clearing MBR/PBR/GPT structures...
Erasing 128 sectors
Initializing disk...
Partitioning (MBR)...
● Creating Main Data Partition (offset: 1048576, size: 28.7 GB)
Waiting for logical drive to reappear...
Formatting to FAT32 (using IFS)
Using cluster size: 16384 bytes
Quick format was selected
Creating file system...
Format completed.
Writing Master Boot Record...
Partition is already FAT32 LBA...
Set bootable USB partition as 0x80
Using Grub 2.0 MBR
Writing Grub 2.0 SBR (from embedded)
Found volume \\?\Volume{524b84b8-1429-11f0-9865-9009df6a3ca3}\
Notice: Volume Device Path is \Device\HarddiskVolume5
Waiting for access on \\?\Volume{524b84b8-1429-11f0-9865-9009df6a3ca3}...
Warning: Could not obtain exclusive rights. Retrying with write sharing enabled...
WARNING: The following application(s) or service(s) are accessing the drive:
● [5756] C:\Windows\Explorer.EXE (r)
● [5136] C:\Windows\System32\vds.exe (rw)
You should close these applications before retrying the operation.
Opened \\?\Volume{524b84b8-1429-11f0-9865-9009df6a3ca3} for shared write access
Writing Partition Boot Record...
Using Standard FAT32 partition boot record
Confirmed new volume has a primary FAT32 boot sector
Setting primary FAT32 boot sector for boot...
Confirmed new volume has a secondary FAT32 boot sector
Setting secondary FAT32 boot sector for boot...
Successfully remounted \\?\Volume{524b84b8-1429-11f0-9865-9009df6a3ca3}\ as E:
Extracting files...
Image is an ISO9660 image
This image will be extracted using Rock Ridge extensions (if present)
Extracting: E:\[boot]\0-boot-noemul.img (2 KB)
Extracting: E:\[boot]\1-boot-noemul.img (5.0 MB)
Extracting: E:\.disk\base_installable (0 bytes)
Extracting: E:\.disk\casper-uuid-generic (37 bytes)
Extracting: E:\.disk\cd_type (15 bytes)
Extracting: E:\.disk\info (60 bytes)
Extracting: E:\.disk\release_notes_url (80 bytes)
Extracting: E:\boot\grub\fonts\unicode.pf2 (2.3 MB)
Extracting: E:\boot\grub\grub.cfg (583 bytes)
Extracting: E:\boot\grub\i386-pc\915resolution.mod (7.6 KB)
Extracting: E:\boot\grub\i386-pc\acpi.mod (10.4 KB)
Extracting: E:\boot\grub\i386-pc\adler32.mod (1.2 KB)
Extracting: E:\boot\grub\i386-pc\affs.mod (5.5 KB)
Extracting: E:\boot\grub\i386-pc\afs.mod (5.9 KB)
Extracting: E:\boot\grub\i386-pc\afsplitter.mod (1.5 KB)
Extracting: E:\boot\grub\i386-pc\ahci.mod (15.3 KB)
Extracting: E:\boot\grub\i386-pc\all_video.mod (492 bytes)
Extracting: E:\boot\grub\i386-pc\aout.mod (956 bytes)
Extracting: E:\boot\grub\i386-pc\archelp.mod (2.9 KB)
Extracting: E:\boot\grub\i386-pc\ata.mod (5.4 KB)
Extracting: E:\boot\grub\i386-pc\at_keyboard.mod (4 KB)
Extracting: E:\boot\grub\i386-pc\backtrace.mod (1.5 KB)
Extracting: E:\boot\grub\i386-pc\bfs.mod (6.6 KB)
Extracting: E:\boot\grub\i386-pc\biosdisk.mod (4.5 KB)
Extracting: E:\boot\grub\i386-pc\bitmap.mod (2.1 KB)
Extracting: E:\boot\grub\i386-pc\bitmap_scale.mod (3.5 KB)
Extracting: E:\boot\grub\i386-pc\blocklist.mod (2.0 KB)
Extracting: E:\boot\grub\i386-pc\boot.mod (2.6 KB)
Extracting: E:\boot\grub\i386-pc\bsd.mod (30.4 KB)
Extracting: E:\boot\grub\i386-pc\bswap_test.mod (2.2 KB)
Extracting: E:\boot\grub\i386-pc\btrfs.mod (19.2 KB)
Extracting: E:\boot\grub\i386-pc\bufio.mod (2 KB)
Extracting: E:\boot\grub\i386-pc\cat.mod (2.8 KB)
Extracting: E:\boot\grub\i386-pc\cbfs.mod (3.8 KB)
Extracting: E:\boot\grub\i386-pc\cbls.mod (3.3 KB)
Extracting: E:\boot\grub\i386-pc\cbmemc.mod (2.4 KB)
Extracting: E:\boot\grub\i386-pc\cbtable.mod (1 KB)
Extracting: E:\boot\grub\i386-pc\cbtime.mod (2.7 KB)
Extracting: E:\boot\grub\i386-pc\chain.mod (3.3 KB)
Extracting: E:\boot\grub\i386-pc\cmdline_cat_test.mod (2.9 KB)
Extracting: E:\boot\grub\i386-pc\cmosdump.mod (1.1 KB)
Extracting: E:\boot\grub\i386-pc\cmostest.mod (1.8 KB)
Extracting: E:\boot\grub\i386-pc\cmp.mod (2.2 KB)
Extracting: E:\boot\grub\i386-pc\cmp_test.mod (4.5 KB)
Extracting: E:\boot\grub\i386-pc\command.lst (3.8 KB)
Extracting: E:\boot\grub\i386-pc\configfile.mod (2.2 KB)
Extracting: E:\boot\grub\i386-pc\cpio.mod (2.6 KB)
Extracting: E:\boot\grub\i386-pc\cpio_be.mod (2.6 KB)
Extracting: E:\boot\grub\i386-pc\cpuid.mod (1.6 KB)
Extracting: E:\boot\grub\i386-pc\crc64.mod (1.5 KB)
Extracting: E:\boot\grub\i386-pc\crypto.lst (936 bytes)
Extracting: E:\boot\grub\i386-pc\crypto.mod (4.8 KB)
Extracting: E:\boot\grub\i386-pc\cryptodisk.mod (14.3 KB)
Extracting: E:\boot\grub\i386-pc\cs5536.mod (3.5 KB)
Extracting: E:\boot\grub\i386-pc\ctz_test.mod (1.6 KB)
Extracting: E:\boot\grub\i386-pc\date.mod (2.1 KB)
Extracting: E:\boot\grub\i386-pc\datehook.mod (1.7 KB)
Extracting: E:\boot\grub\i386-pc\datetime.mod (2.1 KB)
Extracting: E:\boot\grub\i386-pc\disk.mod (2.2 KB)
Extracting: E:\boot\grub\i386-pc\diskfilter.mod (9.6 KB)
Extracting: E:\boot\grub\i386-pc\div.mod (956 bytes)
Extracting: E:\boot\grub\i386-pc\div_test.mod (5.4 KB)
Extracting: E:\boot\grub\i386-pc\dm_nv.mod (1.7 KB)
Extracting: E:\boot\grub\i386-pc\drivemap.mod (5.2 KB)
Extracting: E:\boot\grub\i386-pc\echo.mod (1.9 KB)
Extracting: E:\boot\grub\i386-pc\efiemu.mod (23.2 KB)
Extracting: E:\boot\grub\i386-pc\efiemu32.o (7.4 KB)
Extracting: E:\boot\grub\i386-pc\efiemu64.o (10.7 KB)
Extracting: E:\boot\grub\i386-pc\ehci.mod (15.8 KB)
Extracting: E:\boot\grub\i386-pc\elf.mod (5.6 KB)
Extracting: E:\boot\grub\i386-pc\eltorito.img (30.2 KB)
Extracting: E:\boot\grub\i386-pc\eval.mod (1.3 KB)
Extracting: E:\boot\grub\i386-pc\exfat.mod (5.7 KB)
Extracting: E:\boot\grub\i386-pc\exfctest.mod (1.3 KB)
Extracting: E:\boot\grub\i386-pc\ext2.mod (5.9 KB)
Extracting: E:\boot\grub\i386-pc\extcmd.mod (4.5 KB)
Extracting: E:\boot\grub\i386-pc\f2fs.mod (6.3 KB)
Extracting: E:\boot\grub\i386-pc\fat.mod (5.9 KB)
Extracting: E:\boot\grub\i386-pc\fdt.lst (0 bytes)
Extracting: E:\boot\grub\i386-pc\file.mod (16.7 KB)
Extracting: E:\boot\grub\i386-pc\font.mod (13.2 KB)
Extracting: E:\boot\grub\i386-pc\freedos.mod (2.6 KB)
Extracting: E:\boot\grub\i386-pc\fs.lst (219 bytes)
Extracting: E:\boot\grub\i386-pc\fshelp.mod (2.9 KB)
Extracting: E:\boot\grub\i386-pc\functional_test.mod (33.4 KB)
Extracting: E:\boot\grub\i386-pc\gcry_arcfour.mod (1.5 KB)
Extracting: E:\boot\grub\i386-pc\gcry_blowfish.mod (7.8 KB)
Extracting: E:\boot\grub\i386-pc\gcry_camellia.mod (32.7 KB)
Extracting: E:\boot\grub\i386-pc\gcry_cast5.mod (16.0 KB)
Extracting: E:\boot\grub\i386-pc\gcry_crc.mod (10.3 KB)
Extracting: E:\boot\grub\i386-pc\gcry_des.mod (18.7 KB)
Extracting: E:\boot\grub\i386-pc\gcry_dsa.mod (2.1 KB)
Extracting: E:\boot\grub\i386-pc\gcry_idea.mod (2.8 KB)
Extracting: E:\boot\grub\i386-pc\gcry_md4.mod (3.0 KB)
Extracting: E:\boot\grub\i386-pc\gcry_md5.mod (3.6 KB)
Extracting: E:\boot\grub\i386-pc\gcry_rfc2268.mod (2.3 KB)
Extracting: E:\boot\grub\i386-pc\gcry_rijndael.mod (18.9 KB)
Extracting: E:\boot\grub\i386-pc\gcry_rmd160.mod (8.1 KB)
Extracting: E:\boot\grub\i386-pc\gcry_rsa.mod (1.9 KB)
Extracting: E:\boot\grub\i386-pc\gcry_seed.mod (14.4 KB)
Extracting: E:\boot\grub\i386-pc\gcry_serpent.mod (17.3 KB)
Extracting: E:\boot\grub\i386-pc\gcry_sha1.mod (8.4 KB)
Extracting: E:\boot\grub\i386-pc\gcry_sha256.mod (4.3 KB)
Extracting: E:\boot\grub\i386-pc\gcry_sha512.mod (7.7 KB)
Extracting: E:\boot\grub\i386-pc\gcry_tiger.mod (11.9 KB)
Extracting: E:\boot\grub\i386-pc\gcry_twofish.mod (36.0 KB)
Extracting: E:\boot\grub\i386-pc\gcry_whirlpool.mod (24 KB)
Extracting: E:\boot\grub\i386-pc\gdb.mod (24.5 KB)
Extracting: E:\boot\grub\i386-pc\geli.mod (5.4 KB)
Extracting: E:\boot\grub\i386-pc\gettext.mod (4.7 KB)
Extracting: E:\boot\grub\i386-pc\gfxmenu.mod (38 KB)
Extracting: E:\boot\grub\i386-pc\gfxterm.mod (9.7 KB)
Extracting: E:\boot\grub\i386-pc\gfxterm_background.mod (2.7 KB)
Extracting: E:\boot\grub\i386-pc\gfxterm_menu.mod (4.8 KB)
Extracting: E:\boot\grub\i386-pc\gptsync.mod (3.6 KB)
Extracting: E:\boot\grub\i386-pc\gzio.mod (8.5 KB)
Extracting: E:\boot\grub\i386-pc\halt.mod (4.5 KB)
Extracting: E:\boot\grub\i386-pc\hashsum.mod (5 KB)
Extracting: E:\boot\grub\i386-pc\hdparm.mod (6.4 KB)
Extracting: E:\boot\grub\i386-pc\hello.mod (1.1 KB)
Extracting: E:\boot\grub\i386-pc\help.mod (2.5 KB)
Extracting: E:\boot\grub\i386-pc\hexdump.mod (3 KB)
Extracting: E:\boot\grub\i386-pc\hfs.mod (6.8 KB)
Extracting: E:\boot\grub\i386-pc\hfsplus.mod (7.9 KB)
Extracting: E:\boot\grub\i386-pc\hfspluscomp.mod (2.9 KB)
Extracting: E:\boot\grub\i386-pc\http.mod (5.7 KB)
Extracting: E:\boot\grub\i386-pc\hwmatch.mod (2.4 KB)
Extracting: E:\boot\grub\i386-pc\iorw.mod (2.7 KB)
Extracting: E:\boot\grub\i386-pc\iso9660.mod (8.9 KB)
Extracting: E:\boot\grub\i386-pc\jfs.mod (6.0 KB)
Extracting: E:\boot\grub\i386-pc\jpeg.mod (7.5 KB)
Extracting: E:\boot\grub\i386-pc\json.mod (4.1 KB)
Extracting: E:\boot\grub\i386-pc\keylayouts.mod (4.9 KB)
Extracting: E:\boot\grub\i386-pc\keystatus.mod (1.8 KB)
Extracting: E:\boot\grub\i386-pc\ldm.mod (6.1 KB)
Extracting: E:\boot\grub\i386-pc\legacycfg.mod (29.4 KB)
Extracting: E:\boot\grub\i386-pc\legacy_password_test.mod (14.1 KB)
Extracting: E:\boot\grub\i386-pc\linux.mod (13.2 KB)
Extracting: E:\boot\grub\i386-pc\linux16.mod (5.4 KB)
Extracting: E:\boot\grub\i386-pc\loadenv.mod (5.6 KB)
Extracting: E:\boot\grub\i386-pc\loopback.mod (3 KB)
Extracting: E:\boot\grub\i386-pc\ls.mod (3.8 KB)
Extracting: E:\boot\grub\i386-pc\lsacpi.mod (4.6 KB)
Extracting: E:\boot\grub\i386-pc\lsapm.mod (2.2 KB)
Extracting: E:\boot\grub\i386-pc\lsmmap.mod (1.8 KB)
Extracting: E:\boot\grub\i386-pc\lspci.mod (4.7 KB)
Extracting: E:\boot\grub\i386-pc\luks.mod (3.8 KB)
Extracting: E:\boot\grub\i386-pc\luks2.mod (13.9 KB)
Extracting: E:\boot\grub\i386-pc\lvm.mod (8.3 KB)
Extracting: E:\boot\grub\i386-pc\lzopio.mod (4.6 KB)
Extracting: E:\boot\grub\i386-pc\macbless.mod (3.1 KB)
Extracting: E:\boot\grub\i386-pc\macho.mod (7.2 KB)
Extracting: E:\boot\grub\i386-pc\mda_text.mod (2.0 KB)
Extracting: E:\boot\grub\i386-pc\mdraid09.mod (2.1 KB)
Extracting: E:\boot\grub\i386-pc\mdraid09_be.mod (1.9 KB)
Extracting: E:\boot\grub\i386-pc\mdraid1x.mod (1.8 KB)
Extracting: E:\boot\grub\i386-pc\memdisk.mod (1.9 KB)
Extracting: E:\boot\grub\i386-pc\memrw.mod (2.7 KB)
Extracting: E:\boot\grub\i386-pc\minicmd.mod (3.5 KB)
Extracting: E:\boot\grub\i386-pc\minix.mod (3.5 KB)
Extracting: E:\boot\grub\i386-pc\minix2.mod (3.6 KB)
Extracting: E:\boot\grub\i386-pc\minix2_be.mod (3.8 KB)
Extracting: E:\boot\grub\i386-pc\minix3.mod (3.6 KB)
Extracting: E:\boot\grub\i386-pc\minix3_be.mod (3.7 KB)
Extracting: E:\boot\grub\i386-pc\minix_be.mod (3.6 KB)
Extracting: E:\boot\grub\i386-pc\mmap.mod (8.3 KB)
Extracting: E:\boot\grub\i386-pc\moddep.lst (5.7 KB)
Extracting: E:\boot\grub\i386-pc\morse.mod (2.3 KB)
Extracting: E:\boot\grub\i386-pc\mpi.mod (26.8 KB)
Extracting: E:\boot\grub\i386-pc\msdospart.mod (2.3 KB)
Extracting: E:\boot\grub\i386-pc\multiboot.mod (14.6 KB)
Extracting: E:\boot\grub\i386-pc\multiboot2.mod (15.6 KB)
Extracting: E:\boot\grub\i386-pc\mul_test.mod (1.9 KB)
Extracting: E:\boot\grub\i386-pc\nativedisk.mod (4.1 KB)
Extracting: E:\boot\grub\i386-pc\net.mod (57 KB)
Extracting: E:\boot\grub\i386-pc\newc.mod (2.7 KB)
Extracting: E:\boot\grub\i386-pc\nilfs2.mod (6.6 KB)
Extracting: E:\boot\grub\i386-pc\normal.mod (112.2 KB)
Extracting: E:\boot\grub\i386-pc\ntfs.mod (10.3 KB)
Extracting: E:\boot\grub\i386-pc\ntfscomp.mod (4.2 KB)
Extracting: E:\boot\grub\i386-pc\ntldr.mod (2.4 KB)
Extracting: E:\boot\grub\i386-pc\odc.mod (2.6 KB)
Extracting: E:\boot\grub\i386-pc\offsetio.mod (1.4 KB)
Extracting: E:\boot\grub\i386-pc\ohci.mod (10.1 KB)
Extracting: E:\boot\grub\i386-pc\partmap.lst (111 bytes)
Extracting: E:\boot\grub\i386-pc\parttool.lst (17 bytes)
Extracting: E:\boot\grub\i386-pc\parttool.mod (4.5 KB)
Extracting: E:\boot\grub\i386-pc\part_acorn.mod (1.6 KB)
Extracting: E:\boot\grub\i386-pc\part_amiga.mod (1.8 KB)
Extracting: E:\boot\grub\i386-pc\part_apple.mod (2 KB)
Extracting: E:\boot\grub\i386-pc\part_bsd.mod (2.6 KB)
Extracting: E:\boot\grub\i386-pc\part_dfly.mod (1.7 KB)
Extracting: E:\boot\grub\i386-pc\part_dvh.mod (1.4 KB)
Extracting: E:\boot\grub\i386-pc\part_gpt.mod (2.2 KB)
Extracting: E:\boot\grub\i386-pc\part_msdos.mod (2.2 KB)
Extracting: E:\boot\grub\i386-pc\part_plan.mod (1.7 KB)
Extracting: E:\boot\grub\i386-pc\part_sun.mod (1.4 KB)
Extracting: E:\boot\grub\i386-pc\part_sunpc.mod (1.6 KB)
Extracting: E:\boot\grub\i386-pc\password.mod (1.8 KB)
Extracting: E:\boot\grub\i386-pc\password_pbkdf2.mod (2.7 KB)
Extracting: E:\boot\grub\i386-pc\pata.mod (4.7 KB)
Extracting: E:\boot\grub\i386-pc\pbkdf2.mod (1.3 KB)
Extracting: E:\boot\grub\i386-pc\pbkdf2_test.mod (2.1 KB)
Extracting: E:\boot\grub\i386-pc\pci.mod (1.3 KB)
Extracting: E:\boot\grub\i386-pc\pcidump.mod (2.3 KB)
Extracting: E:\boot\grub\i386-pc\pgp.mod (11.1 KB)
Extracting: E:\boot\grub\i386-pc\plainmount.mod (7.0 KB)
Extracting: E:\boot\grub\i386-pc\plan9.mod (6.1 KB)
Extracting: E:\boot\grub\i386-pc\play.mod (2.4 KB)
Extracting: E:\boot\grub\i386-pc\png.mod (7.8 KB)
Extracting: E:\boot\grub\i386-pc\priority_queue.mod (1.5 KB)
Extracting: E:\boot\grub\i386-pc\probe.mod (3.4 KB)
Extracting: E:\boot\grub\i386-pc\procfs.mod (2.2 KB)
Extracting: E:\boot\grub\i386-pc\progress.mod (2.1 KB)
Extracting: E:\boot\grub\i386-pc\pxe.mod (3.6 KB)
Extracting: E:\boot\grub\i386-pc\pxechain.mod (2.6 KB)
Extracting: E:\boot\grub\i386-pc\raid5rec.mod (1.3 KB)
Extracting: E:\boot\grub\i386-pc\raid6rec.mod (2.2 KB)
Extracting: E:\boot\grub\i386-pc\random.mod (3.6 KB)
Extracting: E:\boot\grub\i386-pc\rdmsr.mod (1.8 KB)
Extracting: E:\boot\grub\i386-pc\read.mod (1.6 KB)
Extracting: E:\boot\grub\i386-pc\reboot.mod (1.6 KB)
Extracting: E:\boot\grub\i386-pc\regexp.mod (49.6 KB)
Extracting: E:\boot\grub\i386-pc\reiserfs.mod (8.5 KB)
Extracting: E:\boot\grub\i386-pc\relocator.mod (14.7 KB)
Extracting: E:\boot\grub\i386-pc\romfs.mod (4.0 KB)
Extracting: E:\boot\grub\i386-pc\scsi.mod (4.5 KB)
Extracting: E:\boot\grub\i386-pc\search.mod (3.6 KB)
Extracting: E:\boot\grub\i386-pc\search_fs_file.mod (3.1 KB)
Extracting: E:\boot\grub\i386-pc\search_fs_uuid.mod (3.1 KB)
Extracting: E:\boot\grub\i386-pc\search_label.mod (3 KB)
Extracting: E:\boot\grub\i386-pc\sendkey.mod (6.8 KB)
Extracting: E:\boot\grub\i386-pc\serial.mod (9.2 KB)
Extracting: E:\boot\grub\i386-pc\setjmp.mod (628 bytes)
Extracting: E:\boot\grub\i386-pc\setjmp_test.mod (1.6 KB)
Extracting: E:\boot\grub\i386-pc\setpci.mod (5.1 KB)
Extracting: E:\boot\grub\i386-pc\sfs.mod (5.0 KB)
Extracting: E:\boot\grub\i386-pc\shift_test.mod (2.4 KB)
Extracting: E:\boot\grub\i386-pc\signature_test.mod (6.2 KB)
Extracting: E:\boot\grub\i386-pc\sleep.mod (2.1 KB)
Extracting: E:\boot\grub\i386-pc\sleep_test.mod (2.2 KB)
Extracting: E:\boot\grub\i386-pc\smbios.mod (5.4 KB)
Extracting: E:\boot\grub\i386-pc\spkmodem.mod (2.0 KB)
Extracting: E:\boot\grub\i386-pc\squash4.mod (6.8 KB)
Extracting: E:\boot\grub\i386-pc\strtoull_test.mod (2.1 KB)
Extracting: E:\boot\grub\i386-pc\syslinuxcfg.mod (16.9 KB)
Extracting: E:\boot\grub\i386-pc\tar.mod (3.1 KB)
Extracting: E:\boot\grub\i386-pc\terminal.lst (202 bytes)
Extracting: E:\boot\grub\i386-pc\terminal.mod (4.3 KB)
Extracting: E:\boot\grub\i386-pc\terminfo.mod (11.9 KB)
Extracting: E:\boot\grub\i386-pc\test.mod (4.9 KB)
Extracting: E:\boot\grub\i386-pc\testload.mod (2.7 KB)
Extracting: E:\boot\grub\i386-pc\testspeed.mod (2.2 KB)
Extracting: E:\boot\grub\i386-pc\test_blockarg.mod (1.2 KB)
Extracting: E:\boot\grub\i386-pc\tftp.mod (5.2 KB)
Extracting: E:\boot\grub\i386-pc\tga.mod (4.5 KB)
Extracting: E:\boot\grub\i386-pc\time.mod (1.4 KB)
Extracting: E:\boot\grub\i386-pc\tr.mod (2.3 KB)
Extracting: E:\boot\grub\i386-pc\trig.mod (1.6 KB)
Extracting: E:\boot\grub\i386-pc\true.mod (1.1 KB)
Extracting: E:\boot\grub\i386-pc\truecrypt.mod (3.5 KB)
Extracting: E:\boot\grub\i386-pc\udf.mod (8.5 KB)
Extracting: E:\boot\grub\i386-pc\ufs1.mod (5.1 KB)
Extracting: E:\boot\grub\i386-pc\ufs1_be.mod (5.5 KB)
Extracting: E:\boot\grub\i386-pc\ufs2.mod (5.2 KB)
Extracting: E:\boot\grub\i386-pc\uhci.mod (6.4 KB)
Extracting: E:\boot\grub\i386-pc\usb.mod (10.1 KB)
Extracting: E:\boot\grub\i386-pc\usbms.mod (6.8 KB)
Extracting: E:\boot\grub\i386-pc\usbserial_common.mod (1.9 KB)
Extracting: E:\boot\grub\i386-pc\usbserial_ftdi.mod (2.2 KB)
Extracting: E:\boot\grub\i386-pc\usbserial_pl2303.mod (2.6 KB)
Extracting: E:\boot\grub\i386-pc\usbserial_usbdebug.mod (1.4 KB)
Extracting: E:\boot\grub\i386-pc\usbtest.mod (3.5 KB)
Extracting: E:\boot\grub\i386-pc\usb_keyboard.mod (3.7 KB)
Extracting: E:\boot\grub\i386-pc\vbe.mod (9.5 KB)
Extracting: E:\boot\grub\i386-pc\verifiers.mod (2.6 KB)
Extracting: E:\boot\grub\i386-pc\vga.mod (4.8 KB)
Extracting: E:\boot\grub\i386-pc\vga_text.mod (2.1 KB)
Extracting: E:\boot\grub\i386-pc\video.lst (33 bytes)
Extracting: E:\boot\grub\i386-pc\video.mod (5.8 KB)
Extracting: E:\boot\grub\i386-pc\videoinfo.mod (3.9 KB)
Extracting: E:\boot\grub\i386-pc\videotest.mod (4.1 KB)
Extracting: E:\boot\grub\i386-pc\videotest_checksum.mod (2.2 KB)
Extracting: E:\boot\grub\i386-pc\video_bochs.mod (5.5 KB)
Extracting: E:\boot\grub\i386-pc\video_cirrus.mod (5.9 KB)
Extracting: E:\boot\grub\i386-pc\video_colors.mod (5.4 KB)
Extracting: E:\boot\grub\i386-pc\video_fb.mod (20.4 KB)
Extracting: E:\boot\grub\i386-pc\wrmsr.mod (1.4 KB)
Extracting: E:\boot\grub\i386-pc\xfs.mod (7.8 KB)
Extracting: E:\boot\grub\i386-pc\xnu.mod (26.7 KB)
Extracting: E:\boot\grub\i386-pc\xnu_uuid.mod (2 KB)
Extracting: E:\boot\grub\i386-pc\xnu_uuid_test.mod (1.9 KB)
Extracting: E:\boot\grub\i386-pc\xzio.mod (14.7 KB)
Extracting: E:\boot\grub\i386-pc\zfs.mod (39.1 KB)
Extracting: E:\boot\grub\i386-pc\zfscrypt.mod (5.3 KB)
Extracting: E:\boot\grub\i386-pc\zfsinfo.mod (6.3 KB)
Extracting: E:\boot\grub\i386-pc\zstd.mod (44.7 KB)
Extracting: E:\boot\grub\loopback.cfg (318 bytes)
Extracting: E:\boot\grub\x86_64-efi\acpi.mod (15.7 KB)
Extracting: E:\boot\grub\x86_64-efi\adler32.mod (1.9 KB)
Extracting: E:\boot\grub\x86_64-efi\affs.mod (8.1 KB)
Extracting: E:\boot\grub\x86_64-efi\afs.mod (8.4 KB)
Extracting: E:\boot\grub\x86_64-efi\afsplitter.mod (2.2 KB)
Extracting: E:\boot\grub\x86_64-efi\ahci.mod (21.7 KB)
Extracting: E:\boot\grub\x86_64-efi\all_video.mod (824 bytes)
Extracting: E:\boot\grub\x86_64-efi\aout.mod (1.5 KB)
Extracting: E:\boot\grub\x86_64-efi\appleldr.mod (5 KB)
Extracting: E:\boot\grub\x86_64-efi\archelp.mod (4.5 KB)
Extracting: E:\boot\grub\x86_64-efi\ata.mod (8.6 KB)
Extracting: E:\boot\grub\x86_64-efi\at_keyboard.mod (6.7 KB)
Extracting: E:\boot\grub\x86_64-efi\backtrace.mod (2.5 KB)
Extracting: E:\boot\grub\x86_64-efi\bfs.mod (9.6 KB)
Extracting: E:\boot\grub\x86_64-efi\bitmap.mod (3.2 KB)
Extracting: E:\boot\grub\x86_64-efi\bitmap_scale.mod (5.3 KB)
Extracting: E:\boot\grub\x86_64-efi\bli.mod (3.6 KB)
Extracting: E:\boot\grub\x86_64-efi\blocklist.mod (3 KB)
Extracting: E:\boot\grub\x86_64-efi\boot.mod (3.8 KB)
Extracting: E:\boot\grub\x86_64-efi\bsd.mod (49.1 KB)
Extracting: E:\boot\grub\x86_64-efi\bswap_test.mod (3.2 KB)
Extracting: E:\boot\grub\x86_64-efi\btrfs.mod (27.5 KB)
Extracting: E:\boot\grub\x86_64-efi\bufio.mod (2.9 KB)
Extracting: E:\boot\grub\x86_64-efi\cat.mod (4.4 KB)
Extracting: E:\boot\grub\x86_64-efi\cbfs.mod (5.8 KB)
Extracting: E:\boot\grub\x86_64-efi\cbls.mod (5.6 KB)
Extracting: E:\boot\grub\x86_64-efi\cbmemc.mod (3.8 KB)
Extracting: E:\boot\grub\x86_64-efi\cbtable.mod (1.6 KB)
Extracting: E:\boot\grub\x86_64-efi\cbtime.mod (4.4 KB)
Extracting: E:\boot\grub\x86_64-efi\chain.mod (8.1 KB)
Extracting: E:\boot\grub\x86_64-efi\cmdline_cat_test.mod (4.5 KB)
Extracting: E:\boot\grub\x86_64-efi\cmp.mod (3.4 KB)
Extracting: E:\boot\grub\x86_64-efi\cmp_test.mod (6.6 KB)
Extracting: E:\boot\grub\x86_64-efi\command.lst (3.6 KB)
Extracting: E:\boot\grub\x86_64-efi\configfile.mod (3.2 KB)
Extracting: E:\boot\grub\x86_64-efi\cpio.mod (4.3 KB)
Extracting: E:\boot\grub\x86_64-efi\cpio_be.mod (4.4 KB)
Extracting: E:\boot\grub\x86_64-efi\cpuid.mod (2.5 KB)
Extracting: E:\boot\grub\x86_64-efi\crc64.mod (2.2 KB)
Extracting: E:\boot\grub\x86_64-efi\crypto.lst (936 bytes)
Extracting: E:\boot\grub\x86_64-efi\crypto.mod (7 KB)
Extracting: E:\boot\grub\x86_64-efi\cryptodisk.mod (22.4 KB)
Extracting: E:\boot\grub\x86_64-efi\cs5536.mod (3.9 KB)
Extracting: E:\boot\grub\x86_64-efi\ctz_test.mod (2.6 KB)
Extracting: E:\boot\grub\x86_64-efi\date.mod (3.2 KB)
Extracting: E:\boot\grub\x86_64-efi\datehook.mod (3.0 KB)
Extracting: E:\boot\grub\x86_64-efi\datetime.mod (2.9 KB)
Extracting: E:\boot\grub\x86_64-efi\disk.mod (3.1 KB)
Extracting: E:\boot\grub\x86_64-efi\diskfilter.mod (13.1 KB)
Extracting: E:\boot\grub\x86_64-efi\div.mod (1.3 KB)
Extracting: E:\boot\grub\x86_64-efi\div_test.mod (8 KB)
Extracting: E:\boot\grub\x86_64-efi\dm_nv.mod (2.8 KB)
Extracting: E:\boot\grub\x86_64-efi\echo.mod (3.0 KB)
Extracting: E:\boot\grub\x86_64-efi\efifwsetup.mod (2.7 KB)
Extracting: E:\boot\grub\x86_64-efi\efinet.mod (10.8 KB)
Extracting: E:\boot\grub\x86_64-efi\efitextmode.mod (3.7 KB)
Extracting: E:\boot\grub\x86_64-efi\efi_gop.mod (12.5 KB)
Extracting: E:\boot\grub\x86_64-efi\efi_uga.mod (6.9 KB)
Extracting: E:\boot\grub\x86_64-efi\ehci.mod (25.3 KB)
Extracting: E:\boot\grub\x86_64-efi\elf.mod (8.8 KB)
Extracting: E:\boot\grub\x86_64-efi\eval.mod (2.2 KB)
Extracting: E:\boot\grub\x86_64-efi\exfat.mod (8.5 KB)
Extracting: E:\boot\grub\x86_64-efi\exfctest.mod (2.1 KB)
Extracting: E:\boot\grub\x86_64-efi\ext2.mod (8.8 KB)
Extracting: E:\boot\grub\x86_64-efi\extcmd.mod (7.5 KB)
Extracting: E:\boot\grub\x86_64-efi\f2fs.mod (10.0 KB)
Extracting: E:\boot\grub\x86_64-efi\fat.mod (8.6 KB)
Extracting: E:\boot\grub\x86_64-efi\fdt.lst (0 bytes)
Extracting: E:\boot\grub\x86_64-efi\file.mod (26.2 KB)
Extracting: E:\boot\grub\x86_64-efi\fixvideo.mod (2.9 KB)
Extracting: E:\boot\grub\x86_64-efi\font.mod (19.1 KB)
Extracting: E:\boot\grub\x86_64-efi\fs.lst (219 bytes)
Extracting: E:\boot\grub\x86_64-efi\fshelp.mod (4.4 KB)
Extracting: E:\boot\grub\x86_64-efi\functional_test.mod (45.8 KB)
Extracting: E:\boot\grub\x86_64-efi\gcry_arcfour.mod (2.4 KB)
Extracting: E:\boot\grub\x86_64-efi\gcry_blowfish.mod (9.0 KB)
Extracting: E:\boot\grub\x86_64-efi\gcry_camellia.mod (27.2 KB)
Extracting: E:\boot\grub\x86_64-efi\gcry_cast5.mod (14.5 KB)
Extracting: E:\boot\grub\x86_64-efi\gcry_crc.mod (11.6 KB)
Extracting: E:\boot\grub\x86_64-efi\gcry_des.mod (16.6 KB)
Extracting: E:\boot\grub\x86_64-efi\gcry_dsa.mod (3.4 KB)
Extracting: E:\boot\grub\x86_64-efi\gcry_idea.mod (4.0 KB)
Extracting: E:\boot\grub\x86_64-efi\gcry_md4.mod (4.1 KB)
Extracting: E:\boot\grub\x86_64-efi\gcry_md5.mod (4.5 KB)
Extracting: E:\boot\grub\x86_64-efi\gcry_rfc2268.mod (3.1 KB)
Extracting: E:\boot\grub\x86_64-efi\gcry_rijndael.mod (20.1 KB)
Extracting: E:\boot\grub\x86_64-efi\gcry_rmd160.mod (7.7 KB)
Extracting: E:\boot\grub\x86_64-efi\gcry_rsa.mod (3.3 KB)
Extracting: E:\boot\grub\x86_64-efi\gcry_seed.mod (14.8 KB)
Extracting: E:\boot\grub\x86_64-efi\gcry_serpent.mod (16.0 KB)
Extracting: E:\boot\grub\x86_64-efi\gcry_sha1.mod (8.1 KB)
Extracting: E:\boot\grub\x86_64-efi\gcry_sha256.mod (5.5 KB)
Extracting: E:\boot\grub\x86_64-efi\gcry_sha512.mod (6.2 KB)
Extracting: E:\boot\grub\x86_64-efi\gcry_tiger.mod (13.1 KB)
Extracting: E:\boot\grub\x86_64-efi\gcry_twofish.mod (32.6 KB)
Extracting: E:\boot\grub\x86_64-efi\gcry_whirlpool.mod (22.4 KB)
Extracting: E:\boot\grub\x86_64-efi\geli.mod (8.6 KB)
Extracting: E:\boot\grub\x86_64-efi\gettext.mod (8.3 KB)
Extracting: E:\boot\grub\x86_64-efi\gfxmenu.mod (59.4 KB)
Extracting: E:\boot\grub\x86_64-efi\gfxterm.mod (16.7 KB)
Extracting: E:\boot\grub\x86_64-efi\gfxterm_background.mod (4.4 KB)
Extracting: E:\boot\grub\x86_64-efi\gfxterm_menu.mod (7.6 KB)
Extracting: E:\boot\grub\x86_64-efi\gptsync.mod (5.3 KB)
Extracting: E:\boot\grub\x86_64-efi\gzio.mod (12.7 KB)
Extracting: E:\boot\grub\x86_64-efi\halt.mod (7.5 KB)
Extracting: E:\boot\grub\x86_64-efi\hashsum.mod (8.3 KB)
Extracting: E:\boot\grub\x86_64-efi\hdparm.mod (10.4 KB)
Extracting: E:\boot\grub\x86_64-efi\hello.mod (1.8 KB)
Extracting: E:\boot\grub\x86_64-efi\help.mod (4 KB)
Extracting: E:\boot\grub\x86_64-efi\hexdump.mod (4.4 KB)
Extracting: E:\boot\grub\x86_64-efi\hfs.mod (10.2 KB)
Extracting: E:\boot\grub\x86_64-efi\hfsplus.mod (11.3 KB)
Extracting: E:\boot\grub\x86_64-efi\hfspluscomp.mod (4.2 KB)
Extracting: E:\boot\grub\x86_64-efi\http.mod (9.5 KB)
Extracting: E:\boot\grub\x86_64-efi\iorw.mod (4.3 KB)
Extracting: E:\boot\grub\x86_64-efi\iso9660.mod (13.1 KB)
Extracting: E:\boot\grub\x86_64-efi\jfs.mod (8.9 KB)
Extracting: E:\boot\grub\x86_64-efi\jpeg.mod (11.0 KB)
Extracting: E:\boot\grub\x86_64-efi\json.mod (5.8 KB)
Extracting: E:\boot\grub\x86_64-efi\keylayouts.mod (6.3 KB)
Extracting: E:\boot\grub\x86_64-efi\keystatus.mod (2.9 KB)
Extracting: E:\boot\grub\x86_64-efi\ldm.mod (8.1 KB)
Extracting: E:\boot\grub\x86_64-efi\legacycfg.mod (44.6 KB)
Extracting: E:\boot\grub\x86_64-efi\legacy_password_test.mod (15.6 KB)
Extracting: E:\boot\grub\x86_64-efi\linux.mod (27.7 KB)
Extracting: E:\boot\grub\x86_64-efi\linux16.mod (8.5 KB)
Extracting: E:\boot\grub\x86_64-efi\loadbios.mod (4.5 KB)
Extracting: E:\boot\grub\x86_64-efi\loadenv.mod (9 KB)
Extracting: E:\boot\grub\x86_64-efi\loopback.mod (4.9 KB)
Extracting: E:\boot\grub\x86_64-efi\ls.mod (6.4 KB)
Extracting: E:\boot\grub\x86_64-efi\lsacpi.mod (7.1 KB)
Extracting: E:\boot\grub\x86_64-efi\lsefi.mod (5 KB)
Extracting: E:\boot\grub\x86_64-efi\lsefimmap.mod (3.6 KB)
Extracting: E:\boot\grub\x86_64-efi\lsefisystab.mod (4.5 KB)
Extracting: E:\boot\grub\x86_64-efi\lsmmap.mod (2.9 KB)
Extracting: E:\boot\grub\x86_64-efi\lspci.mod (7.1 KB)
Extracting: E:\boot\grub\x86_64-efi\lssal.mod (3.7 KB)
Extracting: E:\boot\grub\x86_64-efi\luks.mod (5.9 KB)
Extracting: E:\boot\grub\x86_64-efi\luks2.mod (20.5 KB)
Extracting: E:\boot\grub\x86_64-efi\lvm.mod (12.3 KB)
Extracting: E:\boot\grub\x86_64-efi\lzopio.mod (6.7 KB)
Extracting: E:\boot\grub\x86_64-efi\macbless.mod (4.9 KB)
Extracting: E:\boot\grub\x86_64-efi\macho.mod (10.7 KB)
Extracting: E:\boot\grub\x86_64-efi\mdraid09.mod (2.7 KB)
Extracting: E:\boot\grub\x86_64-efi\mdraid09_be.mod (2.8 KB)
Extracting: E:\boot\grub\x86_64-efi\mdraid1x.mod (2.6 KB)
Extracting: E:\boot\grub\x86_64-efi\memdisk.mod (3.2 KB)
Extracting: E:\boot\grub\x86_64-efi\memrw.mod (4.3 KB)
Extracting: E:\boot\grub\x86_64-efi\minicmd.mod (6 KB)
Extracting: E:\boot\grub\x86_64-efi\minix.mod (5.7 KB)
Extracting: E:\boot\grub\x86_64-efi\minix2.mod (5.8 KB)
Extracting: E:\boot\grub\x86_64-efi\minix2_be.mod (5.9 KB)
Extracting: E:\boot\grub\x86_64-efi\minix3.mod (5.8 KB)
Extracting: E:\boot\grub\x86_64-efi\minix3_be.mod (5.9 KB)
Extracting: E:\boot\grub\x86_64-efi\minix_be.mod (5.7 KB)
Extracting: E:\boot\grub\x86_64-efi\mmap.mod (9.1 KB)
Extracting: E:\boot\grub\x86_64-efi\moddep.lst (5.2 KB)
Extracting: E:\boot\grub\x86_64-efi\morse.mod (3.2 KB)
Extracting: E:\boot\grub\x86_64-efi\mpi.mod (43.5 KB)
Extracting: E:\boot\grub\x86_64-efi\msdospart.mod (3.7 KB)
Extracting: E:\boot\grub\x86_64-efi\multiboot.mod (21.8 KB)
Extracting: E:\boot\grub\x86_64-efi\multiboot2.mod (24.6 KB)
Extracting: E:\boot\grub\x86_64-efi\mul_test.mod (2.4 KB)
Extracting: E:\boot\grub\x86_64-efi\nativedisk.mod (6.6 KB)
Extracting: E:\boot\grub\x86_64-efi\net.mod (132.8 KB)
Extracting: E:\boot\grub\x86_64-efi\newc.mod (4.5 KB)
Extracting: E:\boot\grub\x86_64-efi\nilfs2.mod (10.0 KB)
Extracting: E:\boot\grub\x86_64-efi\normal.mod (174.1 KB)
Extracting: E:\boot\grub\x86_64-efi\ntfs.mod (15.9 KB)
Extracting: E:\boot\grub\x86_64-efi\ntfscomp.mod (5.6 KB)
Extracting: E:\boot\grub\x86_64-efi\odc.mod (4.3 KB)
Extracting: E:\boot\grub\x86_64-efi\offsetio.mod (2.3 KB)
Extracting: E:\boot\grub\x86_64-efi\ohci.mod (15.4 KB)
Extracting: E:\boot\grub\x86_64-efi\partmap.lst (111 bytes)
Extracting: E:\boot\grub\x86_64-efi\parttool.lst (17 bytes)
Extracting: E:\boot\grub\x86_64-efi\parttool.mod (7.4 KB)
Extracting: E:\boot\grub\x86_64-efi\part_acorn.mod (2.3 KB)
Extracting: E:\boot\grub\x86_64-efi\part_amiga.mod (2.7 KB)
Extracting: E:\boot\grub\x86_64-efi\part_apple.mod (3 KB)
Extracting: E:\boot\grub\x86_64-efi\part_bsd.mod (4.2 KB)
Extracting: E:\boot\grub\x86_64-efi\part_dfly.mod (2.7 KB)
Extracting: E:\boot\grub\x86_64-efi\part_dvh.mod (2.2 KB)
Extracting: E:\boot\grub\x86_64-efi\part_gpt.mod (3.3 KB)
Extracting: E:\boot\grub\x86_64-efi\part_msdos.mod (3.0 KB)
Extracting: E:\boot\grub\x86_64-efi\part_plan.mod (2.5 KB)
Extracting: E:\boot\grub\x86_64-efi\part_sun.mod (2.2 KB)
Extracting: E:\boot\grub\x86_64-efi\part_sunpc.mod (2.5 KB)
Extracting: E:\boot\grub\x86_64-efi\password.mod (2.9 KB)
Extracting: E:\boot\grub\x86_64-efi\password_pbkdf2.mod (4.4 KB)
Extracting: E:\boot\grub\x86_64-efi\pata.mod (7.4 KB)
Extracting: E:\boot\grub\x86_64-efi\pbkdf2.mod (2.0 KB)
Extracting: E:\boot\grub\x86_64-efi\pbkdf2_test.mod (3.4 KB)
Extracting: E:\boot\grub\x86_64-efi\pcidump.mod (3.5 KB)
Extracting: E:\boot\grub\x86_64-efi\peimage.mod (9.4 KB)
Extracting: E:\boot\grub\x86_64-efi\pgp.mod (18.9 KB)
Extracting: E:\boot\grub\x86_64-efi\plainmount.mod (11 KB)
Extracting: E:\boot\grub\x86_64-efi\play.mod (3.9 KB)
Extracting: E:\boot\grub\x86_64-efi\png.mod (10.9 KB)
Extracting: E:\boot\grub\x86_64-efi\priority_queue.mod (2.3 KB)
Extracting: E:\boot\grub\x86_64-efi\probe.mod (5.6 KB)
Extracting: E:\boot\grub\x86_64-efi\procfs.mod (3.8 KB)
Extracting: E:\boot\grub\x86_64-efi\progress.mod (3.1 KB)
Extracting: E:\boot\grub\x86_64-efi\raid5rec.mod (2.0 KB)
Extracting: E:\boot\grub\x86_64-efi\raid6rec.mod (3.2 KB)
Extracting: E:\boot\grub\x86_64-efi\random.mod (3.6 KB)
Extracting: E:\boot\grub\x86_64-efi\rdmsr.mod (3.1 KB)
Extracting: E:\boot\grub\x86_64-efi\read.mod (2.7 KB)
Extracting: E:\boot\grub\x86_64-efi\reboot.mod (1.6 KB)
Extracting: E:\boot\grub\x86_64-efi\regexp.mod (77.7 KB)
Extracting: E:\boot\grub\x86_64-efi\reiserfs.mod (13.8 KB)
Extracting: E:\boot\grub\x86_64-efi\relocator.mod (26.1 KB)
Extracting: E:\boot\grub\x86_64-efi\romfs.mod (5.6 KB)
Extracting: E:\boot\grub\x86_64-efi\scsi.mod (7.1 KB)
Extracting: E:\boot\grub\x86_64-efi\search.mod (5.5 KB)
Extracting: E:\boot\grub\x86_64-efi\search_fs_file.mod (4.9 KB)
Extracting: E:\boot\grub\x86_64-efi\search_fs_uuid.mod (4.9 KB)
Extracting: E:\boot\grub\x86_64-efi\search_label.mod (4.9 KB)
Extracting: E:\boot\grub\x86_64-efi\serial.mod (17.0 KB)
Extracting: E:\boot\grub\x86_64-efi\setjmp.mod (912 bytes)
Extracting: E:\boot\grub\x86_64-efi\setjmp_test.mod (2.6 KB)
Extracting: E:\boot\grub\x86_64-efi\setpci.mod (8.1 KB)
Extracting: E:\boot\grub\x86_64-efi\sfs.mod (7.7 KB)
Extracting: E:\boot\grub\x86_64-efi\shift_test.mod (3.2 KB)
Extracting: E:\boot\grub\x86_64-efi\signature_test.mod (8.2 KB)
Extracting: E:\boot\grub\x86_64-efi\sleep.mod (3.3 KB)
Extracting: E:\boot\grub\x86_64-efi\sleep_test.mod (3.1 KB)
Extracting: E:\boot\grub\x86_64-efi\smbios.mod (8.1 KB)
Extracting: E:\boot\grub\x86_64-efi\spkmodem.mod (3 KB)
Extracting: E:\boot\grub\x86_64-efi\squash4.mod (10.0 KB)
Extracting: E:\boot\grub\x86_64-efi\strtoull_test.mod (3.2 KB)
Extracting: E:\boot\grub\x86_64-efi\syslinuxcfg.mod (29.3 KB)
Extracting: E:\boot\grub\x86_64-efi\tar.mod (4.9 KB)
Extracting: E:\boot\grub\x86_64-efi\terminal.lst (162 bytes)
Extracting: E:\boot\grub\x86_64-efi\terminal.mod (6.5 KB)
Extracting: E:\boot\grub\x86_64-efi\terminfo.mod (19.1 KB)
Extracting: E:\boot\grub\x86_64-efi\test.mod (7.4 KB)
Extracting: E:\boot\grub\x86_64-efi\testload.mod (3.8 KB)
Extracting: E:\boot\grub\x86_64-efi\testspeed.mod (3.5 KB)
Extracting: E:\boot\grub\x86_64-efi\test_blockarg.mod (2 KB)
Extracting: E:\boot\grub\x86_64-efi\tftp.mod (8.4 KB)
Extracting: E:\boot\grub\x86_64-efi\tga.mod (6.8 KB)
Extracting: E:\boot\grub\x86_64-efi\time.mod (2.4 KB)
Extracting: E:\boot\grub\x86_64-efi\tpm.mod (8.1 KB)
Extracting: E:\boot\grub\x86_64-efi\tr.mod (3.6 KB)
Extracting: E:\boot\grub\x86_64-efi\trig.mod (2 KB)
Extracting: E:\boot\grub\x86_64-efi\true.mod (1.9 KB)
Extracting: E:\boot\grub\x86_64-efi\udf.mod (12.5 KB)
Extracting: E:\boot\grub\x86_64-efi\ufs1.mod (7.8 KB)
Extracting: E:\boot\grub\x86_64-efi\ufs1_be.mod (8.0 KB)
Extracting: E:\boot\grub\x86_64-efi\ufs2.mod (7.9 KB)
Extracting: E:\boot\grub\x86_64-efi\uhci.mod (9.9 KB)
Extracting: E:\boot\grub\x86_64-efi\usb.mod (15.5 KB)
Extracting: E:\boot\grub\x86_64-efi\usbms.mod (10.9 KB)
Extracting: E:\boot\grub\x86_64-efi\usbserial_common.mod (2.8 KB)
Extracting: E:\boot\grub\x86_64-efi\usbserial_ftdi.mod (3.4 KB)
Extracting: E:\boot\grub\x86_64-efi\usbserial_pl2303.mod (3.8 KB)
Extracting: E:\boot\grub\x86_64-efi\usbserial_usbdebug.mod (2.3 KB)
Extracting: E:\boot\grub\x86_64-efi\usbtest.mod (5.6 KB)
Extracting: E:\boot\grub\x86_64-efi\usb_keyboard.mod (5.7 KB)
Extracting: E:\boot\grub\x86_64-efi\video.lst (41 bytes)
Extracting: E:\boot\grub\x86_64-efi\video.mod (8.8 KB)
Extracting: E:\boot\grub\x86_64-efi\videoinfo.mod (5.4 KB)
Extracting: E:\boot\grub\x86_64-efi\videotest.mod (5.4 KB)
Extracting: E:\boot\grub\x86_64-efi\videotest_checksum.mod (3.6 KB)
Extracting: E:\boot\grub\x86_64-efi\video_bochs.mod (8.3 KB)
Extracting: E:\boot\grub\x86_64-efi\video_cirrus.mod (8.8 KB)
Extracting: E:\boot\grub\x86_64-efi\video_colors.mod (9.8 KB)
Extracting: E:\boot\grub\x86_64-efi\video_fb.mod (29.3 KB)
Extracting: E:\boot\grub\x86_64-efi\wrmsr.mod (2.4 KB)
Extracting: E:\boot\grub\x86_64-efi\xfs.mod (11.1 KB)
Extracting: E:\boot\grub\x86_64-efi\xnu.mod (41.7 KB)
Extracting: E:\boot\grub\x86_64-efi\xnu_uuid.mod (3.2 KB)
Extracting: E:\boot\grub\x86_64-efi\xnu_uuid_test.mod (3.1 KB)
Extracting: E:\boot\grub\x86_64-efi\xzio.mod (19.6 KB)
Extracting: E:\boot\grub\x86_64-efi\zfs.mod (57.1 KB)
Extracting: E:\boot\grub\x86_64-efi\zfscrypt.mod (8.4 KB)
Extracting: E:\boot\grub\x86_64-efi\zfsinfo.mod (10.3 KB)
Extracting: E:\boot\grub\x86_64-efi\zstd.mod (79.8 KB)
Extracting: E:\boot\memtest86+x64.bin (144.3 KB)
Extracting: E:\boot.catalog (2 KB)
Extracting: E:\casper\filesystem.manifest (60.7 KB)
Extracting: E:\casper\filesystem.size (11 bytes)
Extracting: E:\casper\initrd (72.7 MB)
Extracting: E:\casper\install-sources.yaml (1.1 KB)
Extracting: E:\casper\minimal.manifest (51.1 KB)
Extracting: E:\casper\minimal.size (11 bytes)
Extracting: E:\casper\minimal.squashfs (1.7 GB)
Extracting: E:\casper\minimal.de.manifest (1.7 KB)
Extracting: E:\casper\minimal.de.size (9 bytes)
Extracting: E:\casper\minimal.de.squashfs (16.0 MB)
Extracting: E:\casper\minimal.de.squashfs.gpg (833 bytes)
Extracting: E:\casper\minimal.en.manifest (1.8 KB)
Extracting: E:\casper\minimal.en.size (9 bytes)
Extracting: E:\casper\minimal.en.squashfs (16.0 MB)
Extracting: E:\casper\minimal.enhanced-secureboot.de.squashfs.gpg (833 bytes)
Extracting: E:\casper\minimal.enhanced-secureboot.de.manifest (1.8 KB)
Extracting: E:\casper\minimal.enhanced-secureboot.de.size (9 bytes)
Extracting: E:\casper\minimal.enhanced-secureboot.de.squashfs (2 MB)
Extracting: E:\casper\minimal.enhanced-secureboot.en.squashfs.gpg (833 bytes)
Extracting: E:\casper\minimal.enhanced-secureboot.en.manifest (1.8 KB)
Extracting: E:\casper\minimal.enhanced-secureboot.en.size (9 bytes)
Extracting: E:\casper\minimal.enhanced-secureboot.en.squashfs (2 MB)
Extracting: E:\casper\minimal.enhanced-secureboot.es.squashfs.gpg (833 bytes)
Extracting: E:\casper\minimal.enhanced-secureboot.es.manifest (1.8 KB)
Extracting: E:\casper\minimal.enhanced-secureboot.es.size (9 bytes)
Extracting: E:\casper\minimal.enhanced-secureboot.es.squashfs (2 MB)
Extracting: E:\casper\minimal.enhanced-secureboot.fr.squashfs.gpg (833 bytes)
Extracting: E:\casper\minimal.enhanced-secureboot.fr.manifest (1.8 KB)
Extracting: E:\casper\minimal.enhanced-secureboot.fr.size (9 bytes)
Extracting: E:\casper\minimal.enhanced-secureboot.fr.squashfs (2 MB)
Extracting: E:\casper\minimal.enhanced-secureboot.it.squashfs.gpg (833 bytes)
Extracting: E:\casper\minimal.enhanced-secureboot.it.manifest (1.8 KB)
Extracting: E:\casper\minimal.enhanced-secureboot.it.size (9 bytes)
Extracting: E:\casper\minimal.enhanced-secureboot.it.squashfs (2 MB)
Extracting: E:\casper\minimal.enhanced-secureboot.no-languages.squashfs.gpg (833 bytes)
Extracting: E:\casper\minimal.enhanced-secureboot.manifest (1.1 KB)
Extracting: E:\casper\minimal.enhanced-secureboot.no-languages.size (9 bytes)
Extracting: E:\casper\minimal.enhanced-secureboot.no-languages.squashfs (2 MB)
Extracting: E:\casper\minimal.enhanced-secureboot.pt.squashfs.gpg (833 bytes)
Extracting: E:\casper\minimal.enhanced-secureboot.no-languages.manifest (2.0 KB)
Extracting: E:\casper\minimal.enhanced-secureboot.pt.size (9 bytes)
Extracting: E:\casper\minimal.enhanced-secureboot.pt.squashfs (2 MB)
Extracting: E:\casper\minimal.enhanced-secureboot.ru.squashfs.gpg (833 bytes)
Extracting: E:\casper\minimal.enhanced-secureboot.pt.manifest (1.8 KB)
Extracting: E:\casper\minimal.enhanced-secureboot.ru.size (9 bytes)
Extracting: E:\casper\minimal.enhanced-secureboot.ru.squashfs (2 MB)
Extracting: E:\casper\minimal.enhanced-secureboot.squashfs.gpg (833 bytes)
Extracting: E:\casper\minimal.enhanced-secureboot.ru.manifest (1.8 KB)
Extracting: E:\casper\minimal.enhanced-secureboot.size (11 bytes)
Extracting: E:\casper\minimal.enhanced-secureboot.squashfs (353.2 MB)
Extracting: E:\casper\minimal.enhanced-secureboot.zh.squashfs.gpg (833 bytes)
Extracting: E:\casper\minimal.enhanced-secureboot.zh.manifest (1.5 KB)
Extracting: E:\casper\minimal.enhanced-secureboot.zh.size (9 bytes)
Extracting: E:\casper\minimal.enhanced-secureboot.zh.squashfs (1.9 MB)
Extracting: E:\casper\minimal.en.squashfs.gpg (833 bytes)
Extracting: E:\casper\minimal.es.manifest (1.7 KB)
Extracting: E:\casper\minimal.es.size (9 bytes)
Extracting: E:\casper\minimal.es.squashfs (16.0 MB)
Extracting: E:\casper\minimal.es.squashfs.gpg (833 bytes)
Extracting: E:\casper\minimal.fr.manifest (1.7 KB)
Extracting: E:\casper\minimal.fr.size (9 bytes)
Extracting: E:\casper\minimal.fr.squashfs (16.0 MB)
Extracting: E:\casper\minimal.fr.squashfs.gpg (833 bytes)
Extracting: E:\casper\minimal.it.manifest (1.7 KB)
Extracting: E:\casper\minimal.it.size (9 bytes)
Extracting: E:\casper\minimal.it.squashfs (16.0 MB)
Extracting: E:\casper\minimal.it.squashfs.gpg (833 bytes)
Extracting: E:\casper\minimal.no-languages.manifest (1.9 KB)
Extracting: E:\casper\minimal.no-languages.size (9 bytes)
Extracting: E:\casper\minimal.no-languages.squashfs (16.0 MB)
Extracting: E:\casper\minimal.no-languages.squashfs.gpg (833 bytes)
Extracting: E:\casper\minimal.pt.manifest (1.7 KB)
Extracting: E:\casper\minimal.pt.size (9 bytes)
Extracting: E:\casper\minimal.pt.squashfs (16.0 MB)
Extracting: E:\casper\minimal.pt.squashfs.gpg (833 bytes)
Extracting: E:\casper\minimal.ru.manifest (1.7 KB)
Extracting: E:\casper\minimal.ru.size (9 bytes)
Extracting: E:\casper\minimal.ru.squashfs (16.0 MB)
Extracting: E:\casper\minimal.ru.squashfs.gpg (833 bytes)
Extracting: E:\casper\minimal.squashfs.gpg (833 bytes)
Extracting: E:\casper\minimal.standard.manifest (8.4 KB)
Extracting: E:\casper\minimal.standard.size (11 bytes)
Extracting: E:\casper\minimal.standard.squashfs (522.8 MB)
Extracting: E:\casper\minimal.standard.de.manifest (4.1 KB)
Extracting: E:\casper\minimal.standard.de.size (9 bytes)
Extracting: E:\casper\minimal.standard.de.squashfs (2.7 MB)
Extracting: E:\casper\minimal.standard.de.squashfs.gpg (833 bytes)
Extracting: E:\casper\minimal.standard.en.manifest (3.9 KB)
Extracting: E:\casper\minimal.standard.en.size (9 bytes)
Extracting: E:\casper\minimal.standard.en.squashfs (2.7 MB)
Extracting: E:\casper\minimal.standard.enhanced-secureboot.de.squashfs.gpg (833 bytes)
Extracting: E:\casper\minimal.standard.enhanced-secureboot.de.manifest (4.1 KB)
Extracting: E:\casper\minimal.standard.enhanced-secureboot.de.size (9 bytes)
Extracting: E:\casper\minimal.standard.enhanced-secureboot.de.squashfs (2.7 MB)
Extracting: E:\casper\minimal.standard.enhanced-secureboot.en.squashfs.gpg (833 bytes)
Extracting: E:\casper\minimal.standard.enhanced-secureboot.en.manifest (3.9 KB)
Extracting: E:\casper\minimal.standard.enhanced-secureboot.en.size (9 bytes)
Extracting: E:\casper\minimal.standard.enhanced-secureboot.en.squashfs (2.7 MB)
Extracting: E:\casper\minimal.standard.enhanced-secureboot.es.squashfs.gpg (833 bytes)
Extracting: E:\casper\minimal.standard.enhanced-secureboot.es.manifest (4.2 KB)
Extracting: E:\casper\minimal.standard.enhanced-secureboot.es.size (9 bytes)
Extracting: E:\casper\minimal.standard.enhanced-secureboot.es.squashfs (2.7 MB)
Extracting: E:\casper\minimal.standard.enhanced-secureboot.fr.squashfs.gpg (833 bytes)
Extracting: E:\casper\minimal.standard.enhanced-secureboot.fr.manifest (4.3 KB)
Extracting: E:\casper\minimal.standard.enhanced-secureboot.fr.size (9 bytes)
Extracting: E:\casper\minimal.standard.enhanced-secureboot.fr.squashfs (2.7 MB)
Extracting: E:\casper\minimal.standard.enhanced-secureboot.it.squashfs.gpg (833 bytes)
Extracting: E:\casper\minimal.standard.enhanced-secureboot.it.manifest (4.3 KB)
Extracting: E:\casper\minimal.standard.enhanced-secureboot.it.size (9 bytes)
Extracting: E:\casper\minimal.standard.enhanced-secureboot.it.squashfs (2.7 MB)
Extracting: E:\casper\minimal.standard.enhanced-secureboot.no-languages.squashfs.gpg (833 bytes)
Extracting: E:\casper\minimal.standard.enhanced-secureboot.manifest (1.1 KB)
Extracting: E:\casper\minimal.standard.enhanced-secureboot.no-languages.size (9 bytes)
Extracting: E:\casper\minimal.standard.enhanced-secureboot.no-languages.squashfs (2.7 MB)
Extracting: E:\casper\minimal.standard.enhanced-secureboot.pt.squashfs.gpg (833 bytes)
Extracting: E:\casper\minimal.standard.enhanced-secureboot.no-languages.manifest (4.7 KB)
Extracting: E:\casper\minimal.standard.enhanced-secureboot.pt.size (9 bytes)
Extracting: E:\casper\minimal.standard.enhanced-secureboot.pt.squashfs (2.7 MB)
Extracting: E:\casper\minimal.standard.enhanced-secureboot.ru.squashfs.gpg (833 bytes)
Extracting: E:\casper\minimal.standard.enhanced-secureboot.pt.manifest (4.0 KB)
Extracting: E:\casper\minimal.standard.enhanced-secureboot.ru.size (9 bytes)
Extracting: E:\casper\minimal.standard.enhanced-secureboot.ru.squashfs (2.7 MB)
Extracting: E:\casper\minimal.standard.enhanced-secureboot.squashfs.gpg (833 bytes)
Extracting: E:\casper\minimal.standard.enhanced-secureboot.ru.manifest (4.3 KB)
Extracting: E:\casper\minimal.standard.enhanced-secureboot.size (11 bytes)
Extracting: E:\casper\minimal.standard.enhanced-secureboot.squashfs (339.5 MB)
Extracting: E:\casper\minimal.standard.enhanced-secureboot.zh.squashfs.gpg (833 bytes)
Extracting: E:\casper\minimal.standard.enhanced-secureboot.zh.manifest (3.9 KB)
Extracting: E:\casper\minimal.standard.enhanced-secureboot.zh.size (9 bytes)
Extracting: E:\casper\minimal.standard.enhanced-secureboot.zh.squashfs (2.5 MB)
Extracting: E:\casper\minimal.standard.en.squashfs.gpg (833 bytes)
Extracting: E:\casper\minimal.standard.es.manifest (4.1 KB)
Extracting: E:\casper\minimal.standard.es.size (9 bytes)
Extracting: E:\casper\minimal.standard.es.squashfs (2.7 MB)
Extracting: E:\casper\minimal.standard.es.squashfs.gpg (833 bytes)
Extracting: E:\casper\minimal.standard.fr.manifest (4.2 KB)
Extracting: E:\casper\minimal.standard.fr.size (9 bytes)
Extracting: E:\casper\minimal.standard.fr.squashfs (2.7 MB)
Extracting: E:\casper\minimal.standard.fr.squashfs.gpg (833 bytes)
Extracting: E:\casper\minimal.standard.it.manifest (4.2 KB)
Extracting: E:\casper\minimal.standard.it.size (9 bytes)
Extracting: E:\casper\minimal.standard.it.squashfs (2.7 MB)
Extracting: E:\casper\minimal.standard.it.squashfs.gpg (833 bytes)
Extracting: E:\casper\minimal.standard.live.manifest (3.5 KB)
Extracting: E:\casper\minimal.standard.live.size (11 bytes)
Extracting: E:\casper\minimal.standard.live.squashfs (895.7 MB)
Extracting: E:\casper\minimal.standard.live.squashfs.gpg (833 bytes)
Extracting: E:\casper\minimal.standard.no-languages.squashfs.gpg (833 bytes)
Extracting: E:\casper\minimal.standard.no-languages.manifest (4.6 KB)
Extracting: E:\casper\minimal.standard.no-languages.size (9 bytes)
Extracting: E:\casper\minimal.standard.no-languages.squashfs (2.7 MB)
Extracting: E:\casper\minimal.standard.pt.manifest (4.0 KB)
Extracting: E:\casper\minimal.standard.pt.size (9 bytes)
Extracting: E:\casper\minimal.standard.pt.squashfs (2.7 MB)
Extracting: E:\casper\minimal.standard.pt.squashfs.gpg (833 bytes)
Extracting: E:\casper\minimal.standard.ru.manifest (4.2 KB)
Extracting: E:\casper\minimal.standard.ru.size (9 bytes)
Extracting: E:\casper\minimal.standard.ru.squashfs (2.7 MB)
Extracting: E:\casper\minimal.standard.ru.squashfs.gpg (833 bytes)
Extracting: E:\casper\minimal.standard.squashfs.gpg (833 bytes)
Extracting: E:\casper\minimal.standard.zh.manifest (3.8 KB)
Extracting: E:\casper\minimal.standard.zh.size (9 bytes)
Extracting: E:\casper\minimal.standard.zh.squashfs (2.5 MB)
Extracting: E:\casper\minimal.standard.zh.squashfs.gpg (833 bytes)
Extracting: E:\casper\minimal.zh.manifest (1.5 KB)
Extracting: E:\casper\minimal.zh.size (9 bytes)
Extracting: E:\casper\minimal.zh.squashfs (15.7 MB)
Extracting: E:\casper\minimal.zh.squashfs.gpg (833 bytes)
Extracting: E:\casper\vmlinuz (14.6 MB)
Extracting: E:\dists\noble\main\binary-amd64\Packages.gz (52.8 KB)
Extracting: E:\dists\noble\main\binary-i386\Packages.gz (31.7 KB)
Extracting: E:\dists\noble\Release (1 KB)
Extracting: E:\dists\noble\Release.gpg (833 bytes)
Extracting: E:\dists\noble\restricted\binary-amd64\Packages.gz (17.8 KB)
Extracting: E:\dists\noble\restricted\binary-i386\Packages.gz (3.7 KB)
Extracting: E:\dists\stable (5 bytes)
  Ignoring Rock Ridge symbolic link to 'noble'
Extracting: E:\dists\unstable (5 bytes)
  Ignoring Rock Ridge symbolic link to 'noble'
Extracting: E:\EFI\boot\bootx64.efi (944 KB)
Extracting: E:\EFI\boot\grubx64.efi (2.2 MB)
Extracting: E:\EFI\boot\mmx64.efi (836.2 KB)
Extracting: E:\md5sum.txt (43.5 KB)
Extracting: E:\pool\main\a\amd64-microcode\amd64-microcode_3.20231019.1ubuntu2.1_amd64.deb (167.7 KB)
Extracting: E:\pool\main\b\b43-fwcutter\b43-fwcutter_1%3a019-11build1_amd64.deb (26.7 KB)
Extracting: E:\pool\main\b\bcache-tools\bcache-tools_1.0.8-5build1_amd64.deb (19.3 KB)
Extracting: E:\pool\main\b\binutils\binutils_2.42-4ubuntu2.3_amd64.deb (17.7 KB)
Extracting: E:\pool\main\b\binutils\binutils-common_2.42-4ubuntu2.3_amd64.deb (233.8 KB)
Extracting: E:\pool\main\b\binutils\binutils-x86-64-linux-gnu_2.42-4ubuntu2.3_amd64.deb (2.3 MB)
Extracting: E:\pool\main\b\binutils\libbinutils_2.42-4ubuntu2.3_amd64.deb (562.0 KB)
Extracting: E:\pool\main\b\binutils\libctf0_2.42-4ubuntu2.3_amd64.deb (92.3 KB)
Extracting: E:\pool\main\b\binutils\libctf-nobfd0_2.42-4ubuntu2.3_amd64.deb (94.8 KB)
Extracting: E:\pool\main\b\binutils\libgprofng0_2.42-4ubuntu2.3_amd64.deb (828.8 KB)
Extracting: E:\pool\main\b\binutils\libsframe1_2.42-4ubuntu2.3_amd64.deb (14.5 KB)
Extracting: E:\pool\main\b\bpfcc\bpfcc-tools_0.29.1+ds-1ubuntu7_all.deb (671.2 KB)
Extracting: E:\pool\main\b\bpfcc\libbpfcc_0.29.1+ds-1ubuntu7_amd64.deb (647.8 KB)
Extracting: E:\pool\main\b\bpfcc\python3-bpfcc_0.29.1+ds-1ubuntu7_all.deb (39.2 KB)
Extracting: E:\pool\main\b\bpftrace\bpftrace_0.20.2-1ubuntu4.3_amd64.deb (987.5 KB)
Extracting: E:\pool\main\b\btrfs-progs\btrfs-progs_6.6.3-1.1build2_amd64.deb (960.7 KB)
Extracting: E:\pool\main\b\build-essential\build-essential_12.10ubuntu1_amd64.deb (4.8 KB)
Extracting: E:\pool\main\b\bzip2\bzip2_1.0.8-5.1build0.1_amd64.deb (33.7 KB)
Extracting: E:\pool\main\c\cryptsetup\cryptsetup_2%3a2.7.0-1ubuntu4.1_amd64.deb (203.0 KB)
Extracting: E:\pool\main\c\cryptsetup\cryptsetup-bin_2%3a2.7.0-1ubuntu4.1_amd64.deb (205.6 KB)
Extracting: E:\pool\main\c\cryptsetup\cryptsetup-initramfs_2%3a2.7.0-1ubuntu4.1_all.deb (38.9 KB)
Extracting: E:\pool\main\d\dbus\libdbus-1-3_1.14.10-4ubuntu4.1_i386.deb (222.3 KB)
Extracting: E:\pool\main\d\dkms\dkms_3.0.11-1ubuntu13_all.deb (50.3 KB)
Extracting: E:\pool\main\d\dpkg\dpkg-dev_1.22.6ubuntu6.1_all.deb (1 MB)
Extracting: E:\pool\main\d\dpkg\libdpkg-perl_1.22.6ubuntu6.1_all.deb (262.2 KB)
Extracting: E:\pool\main\e\e2fsprogs\libcom-err2_1.47.0-2.4~exp1ubuntu4.1_i386.deb (22.8 KB)
Extracting: E:\pool\main\e\efibootmgr\efibootmgr_18-1build2_amd64.deb (30.9 KB)
Extracting: E:\pool\main\e\egl-wayland\libnvidia-egl-wayland1_1%3a1.1.13-1build1_amd64.deb (30 KB)
Extracting: E:\pool\main\e\expat\libexpat1_2.6.1-2ubuntu0.2_i386.deb (88.5 KB)
Extracting: E:\pool\main\f\fakeroot\fakeroot_1.33-1_amd64.deb (65.6 KB)
Extracting: E:\pool\main\f\fakeroot\libfakeroot_1.33-1_amd64.deb (31.6 KB)
Extracting: E:\pool\main\f\finalrd\finalrd_9build1_all.deb (7.1 KB)
Extracting: E:\pool\main\f\firmware-sof\firmware-sof-signed_2023.12.1-1ubuntu1.4_all.deb (6.8 MB)
Extracting: E:\pool\main\g\gamemode\libgamemode0_1.8.1-2build1_i386.deb (8.3 KB)
Extracting: E:\pool\main\g\gamemode\libgamemodeauto0_1.8.1-2build1_i386.deb (8.0 KB)
Extracting: E:\pool\main\g\gawk\gawk_1%3a5.2.1-2build3_amd64.deb (451.9 KB)
Extracting: E:\pool\main\g\gcc-13\gcc-13_13.3.0-6ubuntu2~24.04_amd64.deb (482.7 KB)
Extracting: E:\pool\main\g\gcc-13\gcc-13-base_13.3.0-6ubuntu2~24.04_i386.deb (50.3 KB)
Extracting: E:\pool\main\g\gcc-13\gcc-13-x86-64-linux-gnu_13.3.0-6ubuntu2~24.04_amd64.deb (20.1 MB)
Extracting: E:\pool\main\g\gcc-13\g++-13_13.3.0-6ubuntu2~24.04_amd64.deb (15.7 KB)
Extracting: E:\pool\main\g\gcc-13\g++-13-x86-64-linux-gnu_13.3.0-6ubuntu2~24.04_amd64.deb (11.6 MB)
Extracting: E:\pool\main\g\gcc-14\libatomic1_14.2.0-4ubuntu2~24.04_i386.deb (8.3 KB)
Extracting: E:\pool\main\g\gcc-14\libcc1-0_14.2.0-4ubuntu2~24.04_amd64.deb (46.9 KB)
Extracting: E:\pool\main\g\gcc-14\libgcc-s1_14.2.0-4ubuntu2~24.04_i386.deb (93.2 KB)
Extracting: E:\pool\main\g\gcc-14\libstdc++6_14.2.0-4ubuntu2~24.04_i386.deb (841.5 KB)
Extracting: E:\pool\main\g\gcc-defaults\gcc_4%3a13.2.0-7ubuntu1_amd64.deb (4.9 KB)
Extracting: E:\pool\main\g\gcc-defaults\gcc-x86-64-linux-gnu_4%3a13.2.0-7ubuntu1_amd64.deb (1.2 KB)
Extracting: E:\pool\main\g\gcc-defaults\g++_4%3a13.2.0-7ubuntu1_amd64.deb (1.1 KB)
Extracting: E:\pool\main\g\gcc-defaults\g++-x86-64-linux-gnu_4%3a13.2.0-7ubuntu1_amd64.deb (964 bytes)
Extracting: E:\pool\main\g\glibc\libc6_2.39-0ubuntu8.4_i386.deb (2.9 MB)
Extracting: E:\pool\main\g\glibc\libc6-dev_2.39-0ubuntu8.4_amd64.deb (2 MB)
Extracting: E:\pool\main\g\glibc\libc-devtools_2.39-0ubuntu8.4_amd64.deb (28.7 KB)
Extracting: E:\pool\main\g\glibc\libc-dev-bin_2.39-0ubuntu8.4_amd64.deb (19.9 KB)
Extracting: E:\pool\main\g\grub2\grub2-common_2.12-1ubuntu7.1_amd64.deb (653.5 KB)
Extracting: E:\pool\main\g\grub2\grub-pc_2.12-1ubuntu7.1_amd64.deb (133.9 KB)
Extracting: E:\pool\main\g\grub2\grub-pc-bin_2.12-1ubuntu7.1_amd64.deb (1 MB)
Extracting: E:\pool\main\g\grub2-signed\grub-efi-amd64-signed_1.202.2+2.12-1ubuntu7.1_amd64.deb (1.3 MB)
Extracting: E:\pool\main\g\grub2-unsigned\grub-efi-amd64_2.12-1ubuntu7.1_amd64.deb (51.6 KB)
Extracting: E:\pool\main\g\grub2-unsigned\grub-efi-amd64-bin_2.12-1ubuntu7.1_amd64.deb (1.6 MB)
Extracting: E:\pool\main\g\grub-gfxpayload-lists\grub-gfxpayload-lists_0.7build2_amd64.deb (3.4 KB)
Extracting: E:\pool\main\h\hwdata\hwdata_0.379-1_all.deb (28.4 KB)
Extracting: E:\pool\main\i\ieee-data\ieee-data_20220827.1_all.deb (2 MB)
Extracting: E:\pool\main\i\intel-microcode\intel-microcode_3.20241112.0ubuntu0.24.04.1_amd64.deb (6.7 MB)
Extracting: E:\pool\main\i\iucode-tool\iucode-tool_2.3.1-3build1_amd64.deb (42.8 KB)
Extracting: E:\pool\main\j\jfsutils\jfsutils_1.1.15-5build4_amd64.deb (185.7 KB)
Extracting: E:\pool\main\k\keyutils\libkeyutils1_1.6.3-3build1_i386.deb (9.7 KB)
Extracting: E:\pool\main\k\krb5\libgssapi-krb5-2_1.20.1-6ubuntu2.4_i386.deb (150.1 KB)
Extracting: E:\pool\main\k\krb5\libk5crypto3_1.20.1-6ubuntu2.4_i386.deb (84.3 KB)
Extracting: E:\pool\main\k\krb5\libkrb5support0_1.20.1-6ubuntu2.4_i386.deb (36.9 KB)
Extracting: E:\pool\main\k\krb5\libkrb5-3_1.20.1-6ubuntu2.4_i386.deb (385.8 KB)
Extracting: E:\pool\main\l\linux\linux-headers-6.8.0-53_6.8.0-53.55_all.deb (13.2 MB)
Extracting: E:\pool\main\l\linux\linux-headers-6.8.0-53-generic_6.8.0-53.55_amd64.deb (3.9 MB)
Extracting: E:\pool\main\l\linux\linux-libc-dev_6.8.0-53.55_amd64.deb (1.7 MB)
Extracting: E:\pool\main\l\linux\linux-modules-6.8.0-31-generic_6.8.0-31.31_amd64.deb (36.6 MB)
Extracting: E:\pool\main\l\linux\linux-modules-ivsc-6.8.0-31-generic_6.8.0-31.31_amd64.deb (300.2 KB)
Extracting: E:\pool\main\l\linux\linux-tools-common_6.8.0-53.55_all.deb (621.3 KB)
Extracting: E:\pool\main\l\linux-firmware\linux-firmware_20240318.git3b128b60-0ubuntu2.9_amd64.deb (485.4 MB)
Extracting: E:\pool\main\l\linux-hwe-6.11\linux-headers-6.11.0-17-generic_6.11.0-17.17~24.04.2_amd64.deb (3.7 MB)
Extracting: E:\pool\main\l\linux-hwe-6.11\linux-hwe-6.11-headers-6.11.0-17_6.11.0-17.17~24.04.2_all.deb (13.1 MB)
Extracting: E:\pool\main\l\linux-hwe-6.11\linux-hwe-6.11-tools-6.11.0-17_6.11.0-17.17~24.04.2_amd64.deb (5.8 MB)
Extracting: E:\pool\main\l\linux-hwe-6.11\linux-modules-6.11.0-17-generic_6.11.0-17.17~24.04.2_amd64.deb (38.2 MB)
Extracting: E:\pool\main\l\linux-hwe-6.11\linux-modules-extra-6.11.0-17-generic_6.11.0-17.17~24.04.2_amd64.deb (111.4 MB)
Extracting: E:\pool\main\l\linux-hwe-6.11\linux-modules-ipu6-6.11.0-17-generic_6.11.0-17.17~24.04.2_amd64.deb (400.2 KB)
Extracting: E:\pool\main\l\linux-hwe-6.11\linux-modules-iwlwifi-6.11.0-17-generic_6.11.0-17.17~24.04.2_amd64.deb (1.7 MB)
Extracting: E:\pool\main\l\linux-hwe-6.11\linux-tools-6.11.0-17-generic_6.11.0-17.17~24.04.2_amd64.deb (1.8 KB)
Extracting: E:\pool\main\l\linux-meta\linux-headers-generic_6.8.0-53.55+1_amd64.deb (10.1 KB)
Extracting: E:\pool\main\l\linux-meta\linux-modules-ivsc-generic-hwe-24.04_6.8.0-31.31_amd64.deb (9.7 KB)
Extracting: E:\pool\main\l\linux-meta-hwe-6.11\linux-generic-hwe-24.04_6.11.0-17.17~24.04.2+2_amd64.deb (1.7 KB)
Extracting: E:\pool\main\l\linux-meta-hwe-6.11\linux-headers-generic-hwe-24.04_6.11.0-17.17~24.04.2+2_amd64.deb (2.2 KB)
Extracting: E:\pool\main\l\linux-meta-hwe-6.11\linux-image-generic-hwe-24.04_6.11.0-17.17~24.04.2+2_amd64.deb (2.4 KB)
Extracting: E:\pool\main\l\linux-meta-hwe-6.11\linux-modules-ipu6-generic-hwe-24.04_6.11.0-17.17~24.04.2+2_amd64.deb (2.3 KB)
Extracting: E:\pool\main\l\linux-meta-hwe-6.11\linux-modules-iwlwifi-generic-hwe-24.04_6.11.0-17.17~24.04.2+2_amd64.deb (2.3 KB)
Extracting: E:\pool\main\l\linux-meta-oem-6.8\linux-headers-oem-24.04_6.8.0-1020.20_amd64.deb (2.3 KB)
Extracting: E:\pool\main\l\linux-meta-oem-6.8\linux-image-oem-24.04_6.8.0-1020.20_amd64.deb (2.4 KB)
Extracting: E:\pool\main\l\linux-meta-oem-6.8\linux-modules-ipu6-oem-24.04_6.8.0-1020.20_amd64.deb (2.4 KB)
Extracting: E:\pool\main\l\linux-meta-oem-6.8\linux-modules-iwlwifi-oem-24.04_6.8.0-1020.20_amd64.deb (2.4 KB)
Extracting: E:\pool\main\l\linux-meta-oem-6.8\linux-oem-24.04_6.8.0-1020.20_amd64.deb (1.7 KB)
Extracting: E:\pool\main\l\linux-oem-6.8\linux-headers-6.8.0-1020-oem_6.8.0-1020.20_amd64.deb (3.7 MB)
Extracting: E:\pool\main\l\linux-oem-6.8\linux-modules-6.8.0-1020-oem_6.8.0-1020.20_amd64.deb (144.7 MB)
Extracting: E:\pool\main\l\linux-oem-6.8\linux-modules-ipu6-6.8.0-1020-oem_6.8.0-1020.20_amd64.deb (670.2 KB)
Extracting: E:\pool\main\l\linux-oem-6.8\linux-modules-iwlwifi-6.8.0-1020-oem_6.8.0-1020.20_amd64.deb (1.9 MB)
Extracting: E:\pool\main\l\linux-oem-6.8\linux-oem-6.8-headers-6.8.0-1020_6.8.0-1020.20_all.deb (13.2 MB)
Extracting: E:\pool\main\l\linux-oem-6.8\linux-oem-6.8-tools-6.8.0-1020_6.8.0-1020.20_amd64.deb (4 MB)
Extracting: E:\pool\main\l\linux-oem-6.8\linux-tools-6.8.0-1020-oem_6.8.0-1020.20_amd64.deb (1.8 KB)
Extracting: E:\pool\main\l\linux-signed\linux-image-6.8.0-31-generic_6.8.0-31.31_amd64.deb (14 MB)
Extracting: E:\pool\main\l\linux-signed-hwe-6.11\linux-image-6.11.0-17-generic_6.11.0-17.17~24.04.2_amd64.deb (14.4 MB)
Extracting: E:\pool\main\l\linux-signed-oem-6.8\linux-image-6.8.0-1020-oem_6.8.0-1020.20_amd64.deb (13.9 MB)
Extracting: E:\pool\main\l\llvm-toolchain-18\libclang1-18_1%3a18.1.3-1ubuntu1_amd64.deb (7.4 MB)
Extracting: E:\pool\main\l\llvm-toolchain-18\libclang-cpp18_1%3a18.1.3-1ubuntu1_amd64.deb (12.9 MB)
Extracting: E:\pool\main\l\llvm-toolchain-18\libllvm18_1%3a18.1.3-1ubuntu1_amd64.deb (26.2 MB)
Extracting: E:\pool\main\l\lm-sensors\libsensors5_1%3a3.6.0-9build1_i386.deb (27.8 KB)
Extracting: E:\pool\main\l\lto-disabled-list\lto-disabled-list_47_all.deb (12.1 KB)
Extracting: E:\pool\main\l\lvm2\dmeventd_2%3a1.02.185-3ubuntu3.1_amd64.deb (36.8 KB)
Extracting: E:\pool\main\l\lvm2\libdevmapper-event1.02.1_2%3a1.02.185-3ubuntu3.1_amd64.deb (12.3 KB)
Extracting: E:\pool\main\l\lvm2\liblvm2cmd2.03_2.03.16-3ubuntu3.1_amd64.deb (778.1 KB)
Extracting: E:\pool\main\l\lvm2\lvm2_2.03.16-3ubuntu3.1_amd64.deb (1.1 MB)
Extracting: E:\pool\main\l\lz4\liblz4-1_1.9.4-1build1.1_i386.deb (67.5 KB)
Extracting: E:\pool\main\liba\libaio\libaio1t64_0.3.113-6build1.1_amd64.deb (7 KB)
Extracting: E:\pool\main\liba\libalgorithm-diff-perl\libalgorithm-diff-perl_1.201-1_all.deb (40.8 KB)
Extracting: E:\pool\main\liba\libalgorithm-diff-xs-perl\libalgorithm-diff-xs-perl_0.04-8build3_amd64.deb (10.9 KB)
Extracting: E:\pool\main\liba\libalgorithm-merge-perl\libalgorithm-merge-perl_0.08-5_all.deb (11.1 KB)
Extracting: E:\pool\main\libb\libbsd\libbsd0_0.12.1-1build1.1_i386.deb (44.2 KB)
Extracting: E:\pool\main\libc\libcap2\libcap2_1%3a2.66-5ubuntu2.1_i386.deb (30.7 KB)
Extracting: E:\pool\main\libd\libdrm\libdrm2_2.4.122-1~ubuntu0.24.04.1_i386.deb (44.0 KB)
Extracting: E:\pool\main\libd\libdrm\libdrm-amdgpu1_2.4.122-1~ubuntu0.24.04.1_i386.deb (23.6 KB)
Extracting: E:\pool\main\libd\libdrm\libdrm-intel1_2.4.122-1~ubuntu0.24.04.1_i386.deb (67.7 KB)
Extracting: E:\pool\main\libd\libdrm\libdrm-nouveau2_2.4.122-1~ubuntu0.24.04.1_i386.deb (19.1 KB)
Extracting: E:\pool\main\libd\libdrm\libdrm-radeon1_2.4.122-1~ubuntu0.24.04.1_i386.deb (21.4 KB)
Extracting: E:\pool\main\libe\libedit\libedit2_3.1-20230828-1build1_i386.deb (98.4 KB)
Extracting: E:\pool\main\libf\libffi\libffi8_3.4.6-1build1_i386.deb (22.3 KB)
Extracting: E:\pool\main\libf\libfile-fcntllock-perl\libfile-fcntllock-perl_0.22-4ubuntu5_amd64.deb (29.9 KB)
Extracting: E:\pool\main\libg\libgcrypt20\libgcrypt20_1.10.3-2build1_i386.deb (491.1 KB)
Extracting: E:\pool\main\libg\libglvnd\libgl1_1.7.0-1build1_i386.deb (94.3 KB)
Extracting: E:\pool\main\libg\libglvnd\libglvnd0_1.7.0-1build1_i386.deb (62.7 KB)
Extracting: E:\pool\main\libg\libglvnd\libglx0_1.7.0-1build1_i386.deb (41.0 KB)
Extracting: E:\pool\main\libg\libgpg-error\libgpg-error0_1.47-3build2.1_i386.deb (77 KB)
Extracting: E:\pool\main\libi\libidn2\libidn2-0_2.3.7-2build1.1_i386.deb (99.7 KB)
Extracting: E:\pool\main\libm\libmd\libmd0_1.1.0-2build1.1_i386.deb (28.7 KB)
Extracting: E:\pool\main\libn\libnsl\libnsl2_1.3.0-3build3_i386.deb (44.3 KB)
Extracting: E:\pool\main\libp\libpciaccess\libpciaccess0_0.17-3build1_i386.deb (21 KB)
Extracting: E:\pool\main\libs\libsigsegv\libsigsegv2_2.14-1ubuntu2_amd64.deb (14.7 KB)
Extracting: E:\pool\main\libu\libunistring\libunistring5_1.1-2build1.1_i386.deb (534 KB)
Extracting: E:\pool\main\libu\liburcu\liburcu8t64_0.14.0-3.1build1_amd64.deb (61.5 KB)
Extracting: E:\pool\main\libv\libvdpau\libvdpau1_1.5-2build1_amd64.deb (27.2 KB)
Extracting: E:\pool\main\libv\libvdpau\vdpau-driver-all_1.5-2build1_amd64.deb (4.3 KB)
Extracting: E:\pool\main\libx\libx11\libx11-6_2%3a1.8.7-1build1_i386.deb (654.3 KB)
Extracting: E:\pool\main\libx\libx11\libx11-xcb1_2%3a1.8.7-1build1_i386.deb (7.6 KB)
Extracting: E:\pool\main\libx\libxau\libxau6_1%3a1.0.9-1build6_i386.deb (7.3 KB)
Extracting: E:\pool\main\libx\libxcb\libxcb1_1.15-1ubuntu2_i386.deb (53.1 KB)
Extracting: E:\pool\main\libx\libxcb\libxcb-dri2-0_1.15-1ubuntu2_i386.deb (7.4 KB)
Extracting: E:\pool\main\libx\libxcb\libxcb-dri3-0_1.15-1ubuntu2_i386.deb (7.2 KB)
Extracting: E:\pool\main\libx\libxcb\libxcb-glx0_1.15-1ubuntu2_i386.deb (26 KB)
Extracting: E:\pool\main\libx\libxcb\libxcb-present0_1.15-1ubuntu2_i386.deb (5.7 KB)
Extracting: E:\pool\main\libx\libxcb\libxcb-randr0_1.15-1ubuntu2_i386.deb (19 KB)
Extracting: E:\pool\main\libx\libxcb\libxcb-shm0_1.15-1ubuntu2_i386.deb (5.7 KB)
Extracting: E:\pool\main\libx\libxcb\libxcb-sync1_1.15-1ubuntu2_i386.deb (9.5 KB)
Extracting: E:\pool\main\libx\libxcb\libxcb-xfixes0_1.15-1ubuntu2_i386.deb (10.5 KB)
Extracting: E:\pool\main\libx\libxcrypt\libcrypt-dev_1%3a4.4.36-4build1_amd64.deb (109.2 KB)
Extracting: E:\pool\main\libx\libxdmcp\libxdmcp6_1%3a1.1.3-0ubuntu6_i386.deb (10.5 KB)
Extracting: E:\pool\main\libx\libxext\libxext6_2%3a1.3.4-1build2_i386.deb (32.6 KB)
Extracting: E:\pool\main\libx\libxfixes\libxfixes3_1%3a6.0.0-2build1_i386.deb (11.3 KB)
Extracting: E:\pool\main\libx\libxml2\libxml2_2.9.14+dfsg-1.3ubuntu3.1_i386.deb (705.2 KB)
Extracting: E:\pool\main\libx\libxshmfence\libxshmfence1_1.3-1build5_i386.deb (4.8 KB)
Extracting: E:\pool\main\libx\libxxf86vm\libxxf86vm1_1%3a1.1.4-1build4_i386.deb (10 KB)
Extracting: E:\pool\main\libz\libzstd\libzstd1_1.5.5+dfsg2-2build1.1_i386.deb (281.3 KB)
Extracting: E:\pool\main\m\make-dfsg\make_4.3-4.1build2_amd64.deb (175.5 KB)
Extracting: E:\pool\main\m\manpages\manpages-dev_6.7-2_all.deb (1.9 MB)
Extracting: E:\pool\main\m\mdadm\mdadm_4.3-1ubuntu2.1_amd64.deb (453.0 KB)
Extracting: E:\pool\main\m\mesa\libgl1-mesa-dri_24.2.8-1ubuntu1~24.04.1_i386.deb (31.9 KB)
Extracting: E:\pool\main\m\mesa\libglapi-mesa_24.2.8-1ubuntu1~24.04.1_i386.deb (41.8 KB)
Extracting: E:\pool\main\m\mesa\libglx-mesa0_24.2.8-1ubuntu1~24.04.1_i386.deb (160.7 KB)
Extracting: E:\pool\main\m\mesa\mesa-vdpau-drivers_24.2.8-1ubuntu1~24.04.1_amd64.deb (19.2 KB)
Extracting: E:\pool\main\m\mokutil\mokutil_0.6.0-2build3_amd64.deb (26.2 KB)
Extracting: E:\pool\main\m\multipath-tools\kpartx_0.9.4-5ubuntu8_amd64.deb (31.2 KB)
Extracting: E:\pool\main\m\multipath-tools\kpartx-boot_0.9.4-5ubuntu8_all.deb (2 KB)
Extracting: E:\pool\main\m\multipath-tools\multipath-tools_0.9.4-5ubuntu8_amd64.deb (302.5 KB)
Extracting: E:\pool\main\m\multipath-tools\multipath-tools-boot_0.9.4-5ubuntu8_all.deb (3.6 KB)
Extracting: E:\pool\main\n\ncurses\libtinfo6_6.4+20240113-1ubuntu2_i386.deb (107.4 KB)
Extracting: E:\pool\main\n\nvidia-prime\nvidia-prime_0.8.17.2_all.deb (10.1 KB)
Extracting: E:\pool\main\n\nvidia-settings\libxnvctrl0_510.47.03-0ubuntu4_amd64.deb (12.3 KB)
Extracting: E:\pool\main\n\nvidia-settings\nvidia-settings_510.47.03-0ubuntu4_amd64.deb (876.8 KB)
Extracting: E:\pool\main\o\oem-qemu-meta\oem-qemu-meta_20.04~ubuntu6_all.deb (2.3 KB)
Extracting: E:\pool\main\o\oem-somerville-lapras-13-meta\oem-somerville-lapras-13-meta_24.04~ubuntu1_all.deb (1.9 KB)
Extracting: E:\pool\main\o\oem-somerville-lapras-meta\oem-somerville-lapras-meta_24.04~ubuntu1_all.deb (1.9 KB)
Extracting: E:\pool\main\o\oem-somerville-magmar-meta\oem-somerville-magmar-meta_24.04~ubuntu1_all.deb (1.9 KB)
Extracting: E:\pool\main\o\oem-somerville-muk-meta\oem-somerville-muk-meta_24.04~ubuntu1_all.deb (1.9 KB)
Extracting: E:\pool\main\o\oem-somerville-oddish13-meta\oem-somerville-oddish13-meta_24.04~ubuntu1_all.deb (1.9 KB)
Extracting: E:\pool\main\o\oem-somerville-oddish-meta\oem-somerville-oddish-meta_24.04~ubuntu1_all.deb (1.9 KB)
Extracting: E:\pool\main\o\oem-somerville-oricorio-meta\oem-somerville-oricorio-meta_24.04~ubuntu1_all.deb (1.9 KB)
Extracting: E:\pool\main\o\oem-somerville-tentacool-meta\oem-somerville-tentacool-meta_24.04~ubuntu1_all.deb (1.9 KB)
Extracting: E:\pool\main\o\oem-somerville-tentacool-rpl-meta\oem-somerville-tentacool-rpl-meta_24.04~ubuntu1_all.deb (1.9 KB)
Extracting: E:\pool\main\o\oem-somerville-torchic-meta\oem-somerville-torchic-meta_24.04~ubuntu1_all.deb (1.9 KB)
Extracting: E:\pool\main\o\oem-somerville-treecko-meta\oem-somerville-treecko-meta_24.04~ubuntu1_all.deb (1.9 KB)
Extracting: E:\pool\main\o\open-iscsi\libopeniscsiusr_2.1.9-3ubuntu5.2_amd64.deb (48 KB)
Extracting: E:\pool\main\o\open-iscsi\open-iscsi_2.1.9-3ubuntu5.2_amd64.deb (319.5 KB)
Extracting: E:\pool\main\o\open-isns\libisns0t64_0.101-0.3build3_amd64.deb (92 KB)
Extracting: E:\pool\main\p\pkgconf\libpkgconf3_1.8.1-2build1_amd64.deb (29.9 KB)
Extracting: E:\pool\main\p\pkgconf\pkgconf_1.8.1-2build1_amd64.deb (16.4 KB)
Extracting: E:\pool\main\p\pkgconf\pkgconf-bin_1.8.1-2build1_amd64.deb (20.2 KB)
Extracting: E:\pool\main\p\pkgconf\pkg-config_1.8.1-2build1_amd64.deb (7.1 KB)
Extracting: E:\pool\main\p\python-netaddr\python3-netaddr_0.8.0-2ubuntu1_all.deb (311.1 KB)
Extracting: E:\pool\main\r\realmd\realmd_0.17.1-3build2_amd64.deb (158.5 KB)
Extracting: E:\pool\main\r\reiserfsprogs\libreiserfscore0t64_1%3a3.6.27-7.1build1_amd64.deb (74.4 KB)
Extracting: E:\pool\main\r\reiserfsprogs\reiserfsprogs_1%3a3.6.27-7.1build1_amd64.deb (139.6 KB)
Extracting: E:\pool\main\r\rpcsvc-proto\rpcsvc-proto_1.4.2-0ubuntu7_amd64.deb (65.9 KB)
Extracting: E:\pool\main\s\screen-resolution-extra\screen-resolution-extra_0.18.3_all.deb (4.0 KB)
Extracting: E:\pool\main\s\setserial\setserial_2.17-54_amd64.deb (34.6 KB)
Extracting: E:\pool\main\s\sg3-utils\libsgutils2-1.46-2_1.46-3ubuntu4_amd64.deb (91.8 KB)
Extracting: E:\pool\main\s\sg3-utils\sg3-utils_1.46-3ubuntu4_amd64.deb (820.2 KB)
Extracting: E:\pool\main\s\sg3-utils\sg3-utils-udev_1.46-3ubuntu4_all.deb (5.8 KB)
Extracting: E:\pool\main\s\shim-signed\shim-signed_1.58+15.8-0ubuntu1_amd64.deb (649 KB)
Extracting: E:\pool\main\s\systemd\libsystemd0_255.4-1ubuntu8.5_i386.deb (444.1 KB)
Extracting: E:\pool\main\t\thermald\thermald_2.5.6-2ubuntu0.24.04.1_amd64.deb (207.9 KB)
Extracting: E:\pool\main\t\thin-provisioning-tools\thin-provisioning-tools_0.9.0-2ubuntu5.1_amd64.deb (425.5 KB)
Extracting: E:\pool\main\u\ubuntu-keyring\ubuntu-oem-keyring_2023.11.28.1_all.deb (4.5 KB)
Extracting: E:\pool\main\u\ubuntu-meta\ubuntu-kernel-accessories_1.539.2_amd64.deb (10.6 KB)
Extracting: E:\pool\main\x\xfsprogs\xfsprogs_6.6.0-1ubuntu2.1_amd64.deb (879.8 KB)
Extracting: E:\pool\main\x\xz-utils\liblzma5_5.6.1+really5.4.5-1build0.1_i386.deb (130.0 KB)
Extracting: E:\pool\main\z\zfs-linux\libnvpair3linux_2.2.2-0ubuntu9.1_amd64.deb (60.1 KB)
Extracting: E:\pool\main\z\zfs-linux\libuutil3linux_2.2.2-0ubuntu9.1_amd64.deb (51.4 KB)
Extracting: E:\pool\main\z\zfs-linux\libzfs4linux_2.2.2-0ubuntu9.1_amd64.deb (221.0 KB)
Extracting: E:\pool\main\z\zfs-linux\libzpool5linux_2.2.2-0ubuntu9.1_amd64.deb (1.3 MB)
Extracting: E:\pool\main\z\zfs-linux\zfsutils-linux_2.2.2-0ubuntu9.1_amd64.deb (537.8 KB)
Extracting: E:\pool\main\z\zfs-linux\zfs-initramfs_2.2.2-0ubuntu9.1_amd64.deb (24.6 KB)
Extracting: E:\pool\main\z\zfs-linux\zfs-zed_2.2.2-0ubuntu9.1_amd64.deb (66.3 KB)
Extracting: E:\pool\main\z\zlib\zlib1g_1%3a1.3.dfsg-3.1ubuntu2.1_i386.deb (57.5 KB)
Extracting: E:\pool\restricted\b\broadcom-sta\broadcom-sta-dkms_6.30.223.271-23ubuntu1_all.deb (2.4 MB)
Extracting: E:\pool\restricted\l\linux-restricted-modules-hwe-6.11\linux-modules-nvidia-535-6.11.0-17-generic_6.11.0-17.17~24.04.2+1_amd64.deb (6.9 KB)
Extracting: E:\pool\restricted\l\linux-restricted-modules-hwe-6.11\linux-modules-nvidia-535-generic-hwe-24.04_6.11.0-17.17~24.04.2+1_amd64.deb (5.3 KB)
Extracting: E:\pool\restricted\l\linux-restricted-modules-hwe-6.11\linux-modules-nvidia-550-6.11.0-17-generic_6.11.0-17.17~24.04.2+1_amd64.deb (6.9 KB)
Extracting: E:\pool\restricted\l\linux-restricted-modules-hwe-6.11\linux-modules-nvidia-550-generic-hwe-24.04_6.11.0-17.17~24.04.2+1_amd64.deb (5.3 KB)
Extracting: E:\pool\restricted\l\linux-restricted-modules-hwe-6.11\linux-objects-nvidia-535-6.11.0-17-generic_6.11.0-17.17~24.04.2+1_amd64.deb (54.8 MB)
Extracting: E:\pool\restricted\l\linux-restricted-modules-hwe-6.11\linux-objects-nvidia-550-6.11.0-17-generic_6.11.0-17.17~24.04.2+1_amd64.deb (52.3 MB)
Extracting: E:\pool\restricted\l\linux-restricted-modules-oem-6.8\linux-modules-nvidia-535-6.8.0-1020-oem_6.8.0-1020.20_amd64.deb (6.9 KB)
Extracting: E:\pool\restricted\l\linux-restricted-modules-oem-6.8\linux-modules-nvidia-535-oem-24.04_6.8.0-1020.20_amd64.deb (5.3 KB)
Extracting: E:\pool\restricted\l\linux-restricted-modules-oem-6.8\linux-modules-nvidia-550-6.8.0-1020-oem_6.8.0-1020.20_amd64.deb (6.9 KB)
Extracting: E:\pool\restricted\l\linux-restricted-modules-oem-6.8\linux-modules-nvidia-550-oem-24.04_6.8.0-1020.20_amd64.deb (5.2 KB)
Extracting: E:\pool\restricted\l\linux-restricted-modules-oem-6.8\linux-objects-nvidia-535-6.8.0-1020-oem_6.8.0-1020.20_amd64.deb (54.8 MB)
Extracting: E:\pool\restricted\l\linux-restricted-modules-oem-6.8\linux-objects-nvidia-550-6.8.0-1020-oem_6.8.0-1020.20_amd64.deb (52.2 MB)
Extracting: E:\pool\restricted\l\linux-restricted-signatures-hwe-6.11\linux-signatures-nvidia-6.11.0-17-generic_6.11.0-17.17~24.04.2+1_amd64.deb (25.1 KB)
Extracting: E:\pool\restricted\l\linux-restricted-signatures-oem-6.8\linux-signatures-nvidia-6.8.0-1020-oem_6.8.0-1020.20_amd64.deb (14.5 KB)
Extracting: E:\pool\restricted\n\nvidia-graphics-drivers-535\libnvidia-cfg1-535_535.183.01-0ubuntu0.24.04.1_amd64.deb (105.7 KB)
Extracting: E:\pool\restricted\n\nvidia-graphics-drivers-535\libnvidia-common-535_535.183.01-0ubuntu0.24.04.1_all.deb (15.4 KB)
Extracting: E:\pool\restricted\n\nvidia-graphics-drivers-535\libnvidia-compute-535_535.183.01-0ubuntu0.24.04.1_amd64.deb (38.4 MB)
Extracting: E:\pool\restricted\n\nvidia-graphics-drivers-535\libnvidia-compute-535_535.183.01-0ubuntu0.24.04.1_i386.deb (38.4 MB)
Extracting: E:\pool\restricted\n\nvidia-graphics-drivers-535\libnvidia-decode-535_535.183.01-0ubuntu0.24.04.1_amd64.deb (1.8 MB)
Extracting: E:\pool\restricted\n\nvidia-graphics-drivers-535\libnvidia-decode-535_535.183.01-0ubuntu0.24.04.1_i386.deb (2.1 MB)
Extracting: E:\pool\restricted\n\nvidia-graphics-drivers-535\libnvidia-encode-535_535.183.01-0ubuntu0.24.04.1_amd64.deb (95.1 KB)
Extracting: E:\pool\restricted\n\nvidia-graphics-drivers-535\libnvidia-encode-535_535.183.01-0ubuntu0.24.04.1_i386.deb (103.5 KB)
Extracting: E:\pool\restricted\n\nvidia-graphics-drivers-535\libnvidia-extra-535_535.183.01-0ubuntu0.24.04.1_amd64.deb (69.8 KB)
Extracting: E:\pool\restricted\n\nvidia-graphics-drivers-535\libnvidia-fbc1-535_535.183.01-0ubuntu0.24.04.1_amd64.deb (54.7 KB)
Extracting: E:\pool\restricted\n\nvidia-graphics-drivers-535\libnvidia-fbc1-535_535.183.01-0ubuntu0.24.04.1_i386.deb (59.7 KB)
Extracting: E:\pool\restricted\n\nvidia-graphics-drivers-535\libnvidia-gl-535_535.183.01-0ubuntu0.24.04.1_amd64.deb (185.8 MB)
Extracting: E:\pool\restricted\n\nvidia-graphics-drivers-535\libnvidia-gl-535_535.183.01-0ubuntu0.24.04.1_i386.deb (33.7 MB)
Extracting: E:\pool\restricted\n\nvidia-graphics-drivers-535\nvidia-compute-utils-535_535.183.01-0ubuntu0.24.04.1_amd64.deb (119.4 KB)
Extracting: E:\pool\restricted\n\nvidia-graphics-drivers-535\nvidia-driver-535_535.183.01-0ubuntu0.24.04.1_amd64.deb (475 KB)
Extracting: E:\pool\restricted\n\nvidia-graphics-drivers-535\nvidia-firmware-535-535.183.01_535.183.01-0ubuntu0.24.04.1_amd64.deb (37.7 MB)
Extracting: E:\pool\restricted\n\nvidia-graphics-drivers-535\nvidia-kernel-common-535_535.183.01-0ubuntu0.24.04.1_amd64.deb (203.6 KB)
Extracting: E:\pool\restricted\n\nvidia-graphics-drivers-535\nvidia-kernel-source-535_535.183.01-0ubuntu0.24.04.1_amd64.deb (43 MB)
Extracting: E:\pool\restricted\n\nvidia-graphics-drivers-535\nvidia-utils-535_535.183.01-0ubuntu0.24.04.1_amd64.deb (395.4 KB)
Extracting: E:\pool\restricted\n\nvidia-graphics-drivers-535\xserver-xorg-video-nvidia-535_535.183.01-0ubuntu0.24.04.1_amd64.deb (1.5 MB)
Extracting: E:\pool\restricted\n\nvidia-graphics-drivers-550\libnvidia-cfg1-550_550.120-0ubuntu0.24.04.1_amd64.deb (152.9 KB)
Extracting: E:\pool\restricted\n\nvidia-graphics-drivers-550\libnvidia-common-550_550.120-0ubuntu0.24.04.1_all.deb (14.9 KB)
Extracting: E:\pool\restricted\n\nvidia-graphics-drivers-550\libnvidia-compute-550_550.120-0ubuntu0.24.04.1_amd64.deb (39.5 MB)
Extracting: E:\pool\restricted\n\nvidia-graphics-drivers-550\libnvidia-decode-550_550.120-0ubuntu0.24.04.1_amd64.deb (1.9 MB)
Extracting: E:\pool\restricted\n\nvidia-graphics-drivers-550\libnvidia-encode-550_550.120-0ubuntu0.24.04.1_amd64.deb (103.2 KB)
Extracting: E:\pool\restricted\n\nvidia-graphics-drivers-550\libnvidia-extra-550_550.120-0ubuntu0.24.04.1_amd64.deb (71.6 KB)
Extracting: E:\pool\restricted\n\nvidia-graphics-drivers-550\libnvidia-fbc1-550_550.120-0ubuntu0.24.04.1_amd64.deb (55.1 KB)
Extracting: E:\pool\restricted\n\nvidia-graphics-drivers-550\libnvidia-gl-550_550.120-0ubuntu0.24.04.1_amd64.deb (148.3 MB)
Extracting: E:\pool\restricted\n\nvidia-graphics-drivers-550\nvidia-compute-utils-550_550.120-0ubuntu0.24.04.1_amd64.deb (120.1 KB)
Extracting: E:\pool\restricted\n\nvidia-graphics-drivers-550\nvidia-driver-550_550.120-0ubuntu0.24.04.1_amd64.deb (477.1 KB)
Extracting: E:\pool\restricted\n\nvidia-graphics-drivers-550\nvidia-firmware-550-550.120_550.120-0ubuntu0.24.04.1_amd64.deb (36.5 MB)
Extracting: E:\pool\restricted\n\nvidia-graphics-drivers-550\nvidia-kernel-common-550_550.120-0ubuntu0.24.04.1_amd64.deb (117.4 KB)
Extracting: E:\pool\restricted\n\nvidia-graphics-drivers-550\nvidia-kernel-source-550_550.120-0ubuntu0.24.04.1_amd64.deb (39.9 MB)
Extracting: E:\pool\restricted\n\nvidia-graphics-drivers-550\nvidia-utils-550_550.120-0ubuntu0.24.04.1_amd64.deb (509.6 KB)
Extracting: E:\pool\restricted\n\nvidia-graphics-drivers-550\xserver-xorg-video-nvidia-550_550.120-0ubuntu0.24.04.1_amd64.deb (1.5 MB)
Extracting: E:\pool\restricted\s\sl-modem\sl-modem-daemon_2.9.11~20110321-19build2_i386.deb (470.7 KB)
Extracting: E:\preseed\ubuntu.seed (460 bytes)
Extracting: E:\ubuntu (1 bytes)
  Ignoring Rock Ridge symbolic link to '.'
Finalizing, please wait...
Created: E:autorun.inf
Created: E:autorun.ico

Found USB 2.0 device ' USB  SanDisk 3.2Gen1 USB Device' (0781:5597)
NOTE: This device is a USB 3.0 device operating at lower speed...
Using 'autorun.inf' label for drive E: 'Ubuntu 24.04.2 LTS amd64'
1 device found
Disk type: Removable, Disk size: 32 ГБ, Sector size: 512 bytes
Cylinders: 3742, Tracks per cylinder: 255, Sectors per track: 63
Partition type: MBR, NB Partitions: 1
Disk ID: 0x0A1FEF37
Drive has a Grub 2.0 Master Boot Record
Partition 1:
  Type: FAT32 LBA (0x0c)
  Detected File System: FAT32
  Size: 28.7 GB (30783029248 bytes)
  Start Sector: 2048, Boot: Yes
